2014/11/22 11:19:56 [info] [application] User: admin (ID: 1)

$_GET=array (
  'r' => 'laboratorio/create',
)

$_COOKIE=array (
  'PHPSESSID' => 'vhifa8m9qmq8lctgcdgur52lf3',
)

$_SESSION=array (
  'ad1564f546c1ae65186e3e03c0dc241a_sessionid_' => '11',
  'cruge_redirect_count' => 0,
  'gii__returnUrl' => '/~jaime3/appFarmaCruz/index.php?r=gii',
  'gii__id' => 'yiier',
  'gii__name' => 'yiier',
  'gii__states' => 
  array (
  ),
  'ad1564f546c1ae65186e3e03c0dc241a__returnUrl' => '/~jaime3/appFarmaCruz/index.php?r=funcion/admin',
  'ad1564f546c1ae65186e3e03c0dc241aYii.CWebUser.flashcounters' => 
  array (
  ),
)

$_SERVER=array (
  'HTTP_HOST' => 'localhost',
  'HTTP_USER_AGENT' => 'Mozilla/5.0 (X11; Ubuntu; Linux i686; rv:26.0) Gecko/20100101 Firefox/26.0',
  'HTTP_ACCEPT' => 'text/html,application/xhtml+xml,application/xml;q=0.9,*/*;q=0.8',
  'HTTP_ACCEPT_LANGUAGE' => 'en-US,en;q=0.5',
  'HTTP_ACCEPT_ENCODING' => 'gzip, deflate',
  'HTTP_REFERER' => 'http://localhost/~jaime3/appFarmaCruz/index.php?r=laboratorio/view&id=7',
  'HTTP_COOKIE' => 'PHPSESSID=vhifa8m9qmq8lctgcdgur52lf3',
  'HTTP_CONNECTION' => 'keep-alive',
  'PATH' => '/usr/local/bin:/usr/bin:/bin',
  'SERVER_SIGNATURE' => '<address>Apache/2.2.22 (Ubuntu) Server at localhost Port 80</address>
',
  'SERVER_SOFTWARE' => 'Apache/2.2.22 (Ubuntu)',
  'SERVER_NAME' => 'localhost',
  'SERVER_ADDR' => '127.0.0.1',
  'SERVER_PORT' => '80',
  'REMOTE_ADDR' => '127.0.0.1',
  'DOCUMENT_ROOT' => '/var/www',
  'SERVER_ADMIN' => 'webmaster@localhost',
  'SCRIPT_FILENAME' => '/home/jaime3/Public/appFarmaCruz/index.php',
  'REMOTE_PORT' => '41085',
  'GATEWAY_INTERFACE' => 'CGI/1.1',
  'SERVER_PROTOCOL' => 'HTTP/1.1',
  'REQUEST_METHOD' => 'GET',
  'QUERY_STRING' => 'r=laboratorio/create',
  'REQUEST_URI' => '/~jaime3/appFarmaCruz/index.php?r=laboratorio/create',
  'SCRIPT_NAME' => '/~jaime3/appFarmaCruz/index.php',
  'PHP_SELF' => '/~jaime3/appFarmaCruz/index.php',
  'REQUEST_TIME' => 1416669596,
)
2014/11/22 11:19:56 [trace] [system.CModule] Loading "log" application component
in /home/jaime3/Public/appFarmaCruz/index.php (13)
2014/11/22 11:19:56 [trace] [system.CModule] Loading "request" application component
in /home/jaime3/Public/appFarmaCruz/index.php (13)
2014/11/22 11:19:56 [trace] [system.CModule] Loading "urlManager" application component
in /home/jaime3/Public/appFarmaCruz/index.php (13)
2014/11/22 11:19:56 [trace] [system.web.filters.CFilterChain] Running filter LaboratorioController.filteraccessControl()
in /home/jaime3/Public/appFarmaCruz/index.php (13)
2014/11/22 11:19:56 [trace] [system.CModule] Loading "user" application component
in /home/jaime3/Public/appFarmaCruz/index.php (13)
2014/11/22 11:19:56 [trace] [system.CModule] Loading "session" application component
in /home/jaime3/Public/appFarmaCruz/protected/modules/cruge/components/CrugeWebUser.php (45)
in /home/jaime3/Public/appFarmaCruz/index.php (13)
2014/11/22 11:19:56 [trace] [system.base.CModule] Loading "cruge" module
in /home/jaime3/Public/appFarmaCruz/protected/modules/cruge/components/CrugeUtil.php (19)
in /home/jaime3/Public/appFarmaCruz/protected/modules/cruge/components/CrugeFactory.php (36)
in /home/jaime3/Public/appFarmaCruz/protected/modules/cruge/components/CrugeUserManager.php (412)
2014/11/22 11:19:56 [trace] [system.db.ar.CActiveRecord] CrugeSession.findByPk()
in /home/jaime3/Public/appFarmaCruz/protected/modules/cruge/models/data/CrugeSession.php (90)
in /home/jaime3/Public/appFarmaCruz/protected/modules/cruge/components/CrugeFactory.php (46)
in /home/jaime3/Public/appFarmaCruz/protected/modules/cruge/components/CrugeUserManager.php (412)
2014/11/22 11:19:56 [trace] [system.CModule] Loading "db" application component
in /home/jaime3/Public/appFarmaCruz/protected/modules/cruge/models/data/CrugeSession.php (90)
in /home/jaime3/Public/appFarmaCruz/protected/modules/cruge/components/CrugeFactory.php (46)
in /home/jaime3/Public/appFarmaCruz/protected/modules/cruge/components/CrugeUserManager.php (412)
2014/11/22 11:19:56 [trace] [system.db.CDbConnection] Opening DB connection
in /home/jaime3/Public/appFarmaCruz/protected/modules/cruge/models/data/CrugeSession.php (90)
in /home/jaime3/Public/appFarmaCruz/protected/modules/cruge/components/CrugeFactory.php (46)
in /home/jaime3/Public/appFarmaCruz/protected/modules/cruge/components/CrugeUserManager.php (412)
2014/11/22 11:19:56 [trace] [system.db.CDbCommand] Querying SQL: SHOW FULL COLUMNS FROM `cruge_session`
in /home/jaime3/Public/appFarmaCruz/protected/modules/cruge/models/data/CrugeSession.php (90)
in /home/jaime3/Public/appFarmaCruz/protected/modules/cruge/components/CrugeFactory.php (46)
in /home/jaime3/Public/appFarmaCruz/protected/modules/cruge/components/CrugeUserManager.php (412)
2014/11/22 11:19:56 [trace] [system.db.CDbCommand] Querying SQL: SHOW CREATE TABLE `cruge_session`
in /home/jaime3/Public/appFarmaCruz/protected/modules/cruge/models/data/CrugeSession.php (90)
in /home/jaime3/Public/appFarmaCruz/protected/modules/cruge/components/CrugeFactory.php (46)
in /home/jaime3/Public/appFarmaCruz/protected/modules/cruge/components/CrugeUserManager.php (412)
2014/11/22 11:19:56 [trace] [system.db.CDbCommand] Querying SQL: SELECT * FROM `cruge_session` `t` WHERE `t`.`idsession`=11 LIMIT 1
in /home/jaime3/Public/appFarmaCruz/protected/modules/cruge/models/data/CrugeSession.php (90)
in /home/jaime3/Public/appFarmaCruz/protected/modules/cruge/components/CrugeFactory.php (46)
in /home/jaime3/Public/appFarmaCruz/protected/modules/cruge/components/CrugeUserManager.php (412)
2014/11/22 11:19:56 [trace] [system.db.ar.CActiveRecord] CrugeStoredUser.findByAttributes()
in /home/jaime3/Public/appFarmaCruz/protected/modules/cruge/models/data/CrugeStoredUser.php (76)
in /home/jaime3/Public/appFarmaCruz/protected/modules/cruge/components/CrugeFactory.php (491)
in /home/jaime3/Public/appFarmaCruz/protected/modules/cruge/components/CrugeUserManager.php (462)
2014/11/22 11:19:56 [trace] [system.db.CDbCommand] Querying SQL: SHOW FULL COLUMNS FROM `cruge_user`
in /home/jaime3/Public/appFarmaCruz/protected/modules/cruge/models/data/CrugeStoredUser.php (76)
in /home/jaime3/Public/appFarmaCruz/protected/modules/cruge/components/CrugeFactory.php (491)
in /home/jaime3/Public/appFarmaCruz/protected/modules/cruge/components/CrugeUserManager.php (462)
2014/11/22 11:19:56 [trace] [system.db.CDbCommand] Querying SQL: SHOW CREATE TABLE `cruge_user`
in /home/jaime3/Public/appFarmaCruz/protected/modules/cruge/models/data/CrugeStoredUser.php (76)
in /home/jaime3/Public/appFarmaCruz/protected/modules/cruge/components/CrugeFactory.php (491)
in /home/jaime3/Public/appFarmaCruz/protected/modules/cruge/components/CrugeUserManager.php (462)
2014/11/22 11:19:56 [trace] [system.db.CDbCommand] Querying SQL: SELECT * FROM `cruge_user` `t` WHERE `t`.`iduser`=:yp0 LIMIT 1
in /home/jaime3/Public/appFarmaCruz/protected/modules/cruge/models/data/CrugeStoredUser.php (76)
in /home/jaime3/Public/appFarmaCruz/protected/modules/cruge/components/CrugeFactory.php (491)
in /home/jaime3/Public/appFarmaCruz/protected/modules/cruge/components/CrugeUserManager.php (462)
2014/11/22 11:19:56 [trace] [system.db.ar.CActiveRecord] CrugeSession.findByPk()
in /home/jaime3/Public/appFarmaCruz/protected/modules/cruge/models/data/CrugeSession.php (90)
in /home/jaime3/Public/appFarmaCruz/protected/modules/cruge/components/CrugeFactory.php (46)
in /home/jaime3/Public/appFarmaCruz/protected/modules/cruge/components/CrugeUserManager.php (412)
2014/11/22 11:19:56 [trace] [system.db.CDbCommand] Querying SQL: SELECT * FROM `cruge_session` `t` WHERE `t`.`idsession`=11 LIMIT 1
in /home/jaime3/Public/appFarmaCruz/protected/modules/cruge/models/data/CrugeSession.php (90)
in /home/jaime3/Public/appFarmaCruz/protected/modules/cruge/components/CrugeFactory.php (46)
in /home/jaime3/Public/appFarmaCruz/protected/modules/cruge/components/CrugeUserManager.php (412)
2014/11/22 11:19:56 [trace] [system.db.ar.CActiveRecord] CrugeStoredUser.findByAttributes()
in /home/jaime3/Public/appFarmaCruz/protected/modules/cruge/models/data/CrugeStoredUser.php (76)
in /home/jaime3/Public/appFarmaCruz/protected/modules/cruge/components/CrugeFactory.php (491)
in /home/jaime3/Public/appFarmaCruz/protected/modules/cruge/components/CrugeUserManager.php (462)
2014/11/22 11:19:56 [trace] [system.db.CDbCommand] Querying SQL: SELECT * FROM `cruge_user` `t` WHERE `t`.`iduser`=:yp0 LIMIT 1
in /home/jaime3/Public/appFarmaCruz/protected/modules/cruge/models/data/CrugeStoredUser.php (76)
in /home/jaime3/Public/appFarmaCruz/protected/modules/cruge/components/CrugeFactory.php (491)
in /home/jaime3/Public/appFarmaCruz/protected/modules/cruge/components/CrugeUserManager.php (462)
2014/11/22 11:19:56 [trace] [system.db.CDbCommand] Querying SQL: SHOW FULL COLUMNS FROM `Laboratorio`
in /home/jaime3/Public/appFarmaCruz/protected/controllers/LaboratorioController.php (65)
in /home/jaime3/Public/appFarmaCruz/index.php (13)
2014/11/22 11:19:56 [trace] [system.db.CDbCommand] Querying SQL: SHOW CREATE TABLE `Laboratorio`
in /home/jaime3/Public/appFarmaCruz/protected/controllers/LaboratorioController.php (65)
in /home/jaime3/Public/appFarmaCruz/index.php (13)
2014/11/22 11:19:56 [trace] [system.CModule] Loading "themeManager" application component
in /home/jaime3/Public/appFarmaCruz/protected/controllers/LaboratorioController.php (79)
in /home/jaime3/Public/appFarmaCruz/index.php (13)
2014/11/22 11:19:56 [trace] [system.CModule] Loading "widgetFactory" application component
in /home/jaime3/Public/appFarmaCruz/protected/views/laboratorio/_form.php (16)
in /home/jaime3/Public/appFarmaCruz/protected/views/laboratorio/create.php (18)
in /home/jaime3/Public/appFarmaCruz/protected/controllers/LaboratorioController.php (79)
2014/11/22 11:19:56 [trace] [system.CModule] Loading "clientScript" application component
in /home/jaime3/Public/appFarmaCruz/protected/views/laboratorio/_form.php (32)
in /home/jaime3/Public/appFarmaCruz/protected/views/laboratorio/create.php (18)
in /home/jaime3/Public/appFarmaCruz/protected/controllers/LaboratorioController.php (79)
2014/11/22 11:19:56 [trace] [system.db.ar.CActiveRecord] CrugeSession.findByPk()
in /home/jaime3/Public/appFarmaCruz/protected/modules/cruge/models/data/CrugeSession.php (90)
in /home/jaime3/Public/appFarmaCruz/protected/modules/cruge/components/CrugeFactory.php (46)
in /home/jaime3/Public/appFarmaCruz/protected/modules/cruge/components/CrugeUserManager.php (412)
2014/11/22 11:19:56 [trace] [system.db.CDbCommand] Querying SQL: SELECT * FROM `cruge_session` `t` WHERE `t`.`idsession`=11 LIMIT 1
in /home/jaime3/Public/appFarmaCruz/protected/modules/cruge/models/data/CrugeSession.php (90)
in /home/jaime3/Public/appFarmaCruz/protected/modules/cruge/components/CrugeFactory.php (46)
in /home/jaime3/Public/appFarmaCruz/protected/modules/cruge/components/CrugeUserManager.php (412)
2014/11/22 11:19:56 [trace] [system.db.ar.CActiveRecord] CrugeStoredUser.findByAttributes()
in /home/jaime3/Public/appFarmaCruz/protected/modules/cruge/models/data/CrugeStoredUser.php (76)
in /home/jaime3/Public/appFarmaCruz/protected/modules/cruge/components/CrugeFactory.php (491)
in /home/jaime3/Public/appFarmaCruz/protected/modules/cruge/components/CrugeUserManager.php (462)
2014/11/22 11:19:56 [trace] [system.db.CDbCommand] Querying SQL: SELECT * FROM `cruge_user` `t` WHERE `t`.`iduser`=:yp0 LIMIT 1
in /home/jaime3/Public/appFarmaCruz/protected/modules/cruge/models/data/CrugeStoredUser.php (76)
in /home/jaime3/Public/appFarmaCruz/protected/modules/cruge/components/CrugeFactory.php (491)
in /home/jaime3/Public/appFarmaCruz/protected/modules/cruge/components/CrugeUserManager.php (462)
2014/11/22 11:19:56 [trace] [system.db.ar.CActiveRecord] CrugeSession.findByPk()
in /home/jaime3/Public/appFarmaCruz/protected/modules/cruge/models/data/CrugeSession.php (90)
in /home/jaime3/Public/appFarmaCruz/protected/modules/cruge/components/CrugeFactory.php (46)
in /home/jaime3/Public/appFarmaCruz/protected/modules/cruge/components/CrugeUserManager.php (412)
2014/11/22 11:19:56 [trace] [system.db.CDbCommand] Querying SQL: SELECT * FROM `cruge_session` `t` WHERE `t`.`idsession`=11 LIMIT 1
in /home/jaime3/Public/appFarmaCruz/protected/modules/cruge/models/data/CrugeSession.php (90)
in /home/jaime3/Public/appFarmaCruz/protected/modules/cruge/components/CrugeFactory.php (46)
in /home/jaime3/Public/appFarmaCruz/protected/modules/cruge/components/CrugeUserManager.php (412)
2014/11/22 11:19:56 [trace] [system.db.ar.CActiveRecord] lazy loading CrugeSession.user
in /home/jaime3/Public/appFarmaCruz/protected/modules/cruge/models/data/CrugeSession.php (82)
in /home/jaime3/Public/appFarmaCruz/protected/modules/cruge/components/CrugeWebUser.php (249)
in /home/jaime3/Public/appFarmaCruz/themes/rhea/views/layouts/main.php (40)
2014/11/22 11:19:56 [trace] [system.db.CDbCommand] Querying SQL: SELECT `user`.`iduser` AS `t1_c0`, `user`.`regdate` AS `t1_c1`, `user`.`actdate` AS `t1_c2`, `user`.`logondate` AS `t1_c3`, `user`.`username` AS `t1_c4`, `user`.`email` AS `t1_c5`, `user`.`password` AS `t1_c6`, `user`.`authkey` AS `t1_c7`, `user`.`state` AS `t1_c8`, `user`.`totalsessioncounter` AS `t1_c9`, `user`.`currentsessioncounter` AS `t1_c10` FROM `cruge_user` `user`  WHERE (`user`.`iduser`=:ypl0)
in /home/jaime3/Public/appFarmaCruz/protected/modules/cruge/models/data/CrugeSession.php (82)
in /home/jaime3/Public/appFarmaCruz/protected/modules/cruge/components/CrugeWebUser.php (249)
in /home/jaime3/Public/appFarmaCruz/themes/rhea/views/layouts/main.php (40)
2014/11/22 11:19:56 [trace] [system.db.ar.CActiveRecord] CrugeSession.findByPk()
in /home/jaime3/Public/appFarmaCruz/protected/modules/cruge/models/data/CrugeSession.php (90)
in /home/jaime3/Public/appFarmaCruz/protected/modules/cruge/components/CrugeFactory.php (46)
in /home/jaime3/Public/appFarmaCruz/protected/modules/cruge/components/CrugeUserManager.php (412)
2014/11/22 11:19:56 [trace] [system.db.CDbCommand] Querying SQL: SELECT * FROM `cruge_session` `t` WHERE `t`.`idsession`=11 LIMIT 1
in /home/jaime3/Public/appFarmaCruz/protected/modules/cruge/models/data/CrugeSession.php (90)
in /home/jaime3/Public/appFarmaCruz/protected/modules/cruge/components/CrugeFactory.php (46)
in /home/jaime3/Public/appFarmaCruz/protected/modules/cruge/components/CrugeUserManager.php (412)
2014/11/22 11:19:56 [trace] [system.db.ar.CActiveRecord] CrugeStoredUser.findByAttributes()
in /home/jaime3/Public/appFarmaCruz/protected/modules/cruge/models/data/CrugeStoredUser.php (76)
in /home/jaime3/Public/appFarmaCruz/protected/modules/cruge/components/CrugeFactory.php (491)
in /home/jaime3/Public/appFarmaCruz/protected/modules/cruge/components/CrugeUserManager.php (462)
2014/11/22 11:19:56 [trace] [system.db.CDbCommand] Querying SQL: SELECT * FROM `cruge_user` `t` WHERE `t`.`iduser`=:yp0 LIMIT 1
in /home/jaime3/Public/appFarmaCruz/protected/modules/cruge/models/data/CrugeStoredUser.php (76)
in /home/jaime3/Public/appFarmaCruz/protected/modules/cruge/components/CrugeFactory.php (491)
in /home/jaime3/Public/appFarmaCruz/protected/modules/cruge/components/CrugeUserManager.php (462)
2014/11/22 11:19:56 [trace] [system.db.ar.CActiveRecord] CrugeSession.findByPk()
in /home/jaime3/Public/appFarmaCruz/protected/modules/cruge/models/data/CrugeSession.php (90)
in /home/jaime3/Public/appFarmaCruz/protected/modules/cruge/components/CrugeFactory.php (46)
in /home/jaime3/Public/appFarmaCruz/protected/modules/cruge/components/CrugeUserManager.php (412)
2014/11/22 11:19:56 [trace] [system.db.CDbCommand] Querying SQL: SELECT * FROM `cruge_session` `t` WHERE `t`.`idsession`=11 LIMIT 1
in /home/jaime3/Public/appFarmaCruz/protected/modules/cruge/models/data/CrugeSession.php (90)
in /home/jaime3/Public/appFarmaCruz/protected/modules/cruge/components/CrugeFactory.php (46)
in /home/jaime3/Public/appFarmaCruz/protected/modules/cruge/components/CrugeUserManager.php (412)
2014/11/22 11:19:56 [trace] [system.db.ar.CActiveRecord] CrugeStoredUser.findByAttributes()
in /home/jaime3/Public/appFarmaCruz/protected/modules/cruge/models/data/CrugeStoredUser.php (76)
in /home/jaime3/Public/appFarmaCruz/protected/modules/cruge/components/CrugeFactory.php (491)
in /home/jaime3/Public/appFarmaCruz/protected/modules/cruge/components/CrugeUserManager.php (462)
2014/11/22 11:19:56 [trace] [system.db.CDbCommand] Querying SQL: SELECT * FROM `cruge_user` `t` WHERE `t`.`iduser`=:yp0 LIMIT 1
in /home/jaime3/Public/appFarmaCruz/protected/modules/cruge/models/data/CrugeStoredUser.php (76)
in /home/jaime3/Public/appFarmaCruz/protected/modules/cruge/components/CrugeFactory.php (491)
in /home/jaime3/Public/appFarmaCruz/protected/modules/cruge/components/CrugeUserManager.php (462)
2014/11/22 11:19:56 [trace] [system.db.ar.CActiveRecord] CrugeSession.findByPk()
in /home/jaime3/Public/appFarmaCruz/protected/modules/cruge/models/data/CrugeSession.php (90)
in /home/jaime3/Public/appFarmaCruz/protected/modules/cruge/components/CrugeFactory.php (46)
in /home/jaime3/Public/appFarmaCruz/protected/modules/cruge/components/CrugeUserManager.php (412)
2014/11/22 11:19:56 [trace] [system.db.CDbCommand] Querying SQL: SELECT * FROM `cruge_session` `t` WHERE `t`.`idsession`=11 LIMIT 1
in /home/jaime3/Public/appFarmaCruz/protected/modules/cruge/models/data/CrugeSession.php (90)
in /home/jaime3/Public/appFarmaCruz/protected/modules/cruge/components/CrugeFactory.php (46)
in /home/jaime3/Public/appFarmaCruz/protected/modules/cruge/components/CrugeUserManager.php (412)
2014/11/22 11:19:56 [trace] [system.db.ar.CActiveRecord] CrugeStoredUser.findByAttributes()
in /home/jaime3/Public/appFarmaCruz/protected/modules/cruge/models/data/CrugeStoredUser.php (76)
in /home/jaime3/Public/appFarmaCruz/protected/modules/cruge/components/CrugeFactory.php (491)
in /home/jaime3/Public/appFarmaCruz/protected/modules/cruge/components/CrugeUserManager.php (462)
2014/11/22 11:19:56 [trace] [system.db.CDbCommand] Querying SQL: SELECT * FROM `cruge_user` `t` WHERE `t`.`iduser`=:yp0 LIMIT 1
in /home/jaime3/Public/appFarmaCruz/protected/modules/cruge/models/data/CrugeStoredUser.php (76)
in /home/jaime3/Public/appFarmaCruz/protected/modules/cruge/components/CrugeFactory.php (491)
in /home/jaime3/Public/appFarmaCruz/protected/modules/cruge/components/CrugeUserManager.php (462)
2014/11/22 11:19:56 [trace] [system.db.ar.CActiveRecord] CrugeSession.findByPk()
in /home/jaime3/Public/appFarmaCruz/protected/modules/cruge/models/data/CrugeSession.php (90)
in /home/jaime3/Public/appFarmaCruz/protected/modules/cruge/components/CrugeFactory.php (46)
in /home/jaime3/Public/appFarmaCruz/protected/modules/cruge/components/CrugeUserManager.php (412)
2014/11/22 11:19:56 [trace] [system.db.CDbCommand] Querying SQL: SELECT * FROM `cruge_session` `t` WHERE `t`.`idsession`=11 LIMIT 1
in /home/jaime3/Public/appFarmaCruz/protected/modules/cruge/models/data/CrugeSession.php (90)
in /home/jaime3/Public/appFarmaCruz/protected/modules/cruge/components/CrugeFactory.php (46)
in /home/jaime3/Public/appFarmaCruz/protected/modules/cruge/components/CrugeUserManager.php (412)
2014/11/22 11:19:56 [trace] [system.db.ar.CActiveRecord] CrugeStoredUser.findByAttributes()
in /home/jaime3/Public/appFarmaCruz/protected/modules/cruge/models/data/CrugeStoredUser.php (76)
in /home/jaime3/Public/appFarmaCruz/protected/modules/cruge/components/CrugeFactory.php (491)
in /home/jaime3/Public/appFarmaCruz/protected/modules/cruge/components/CrugeUserManager.php (462)
2014/11/22 11:19:56 [trace] [system.db.CDbCommand] Querying SQL: SELECT * FROM `cruge_user` `t` WHERE `t`.`iduser`=:yp0 LIMIT 1
in /home/jaime3/Public/appFarmaCruz/protected/modules/cruge/models/data/CrugeStoredUser.php (76)
in /home/jaime3/Public/appFarmaCruz/protected/modules/cruge/components/CrugeFactory.php (491)
in /home/jaime3/Public/appFarmaCruz/protected/modules/cruge/components/CrugeUserManager.php (462)
2014/11/22 11:19:56 [trace] [system.db.ar.CActiveRecord] CrugeSession.findByPk()
in /home/jaime3/Public/appFarmaCruz/protected/modules/cruge/models/data/CrugeSession.php (90)
in /home/jaime3/Public/appFarmaCruz/protected/modules/cruge/components/CrugeFactory.php (46)
in /home/jaime3/Public/appFarmaCruz/protected/modules/cruge/components/CrugeUserManager.php (412)
2014/11/22 11:19:56 [trace] [system.db.CDbCommand] Querying SQL: SELECT * FROM `cruge_session` `t` WHERE `t`.`idsession`=11 LIMIT 1
in /home/jaime3/Public/appFarmaCruz/protected/modules/cruge/models/data/CrugeSession.php (90)
in /home/jaime3/Public/appFarmaCruz/protected/modules/cruge/components/CrugeFactory.php (46)
in /home/jaime3/Public/appFarmaCruz/protected/modules/cruge/components/CrugeUserManager.php (412)
2014/11/22 11:19:56 [trace] [system.db.ar.CActiveRecord] CrugeStoredUser.findByAttributes()
in /home/jaime3/Public/appFarmaCruz/protected/modules/cruge/models/data/CrugeStoredUser.php (76)
in /home/jaime3/Public/appFarmaCruz/protected/modules/cruge/components/CrugeFactory.php (491)
in /home/jaime3/Public/appFarmaCruz/protected/modules/cruge/components/CrugeUserManager.php (462)
2014/11/22 11:19:56 [trace] [system.db.CDbCommand] Querying SQL: SELECT * FROM `cruge_user` `t` WHERE `t`.`iduser`=:yp0 LIMIT 1
in /home/jaime3/Public/appFarmaCruz/protected/modules/cruge/models/data/CrugeStoredUser.php (76)
in /home/jaime3/Public/appFarmaCruz/protected/modules/cruge/components/CrugeFactory.php (491)
in /home/jaime3/Public/appFarmaCruz/protected/modules/cruge/components/CrugeUserManager.php (462)
2014/11/22 11:19:56 [trace] [system.db.ar.CActiveRecord] CrugeSession.findByPk()
in /home/jaime3/Public/appFarmaCruz/protected/modules/cruge/models/data/CrugeSession.php (90)
in /home/jaime3/Public/appFarmaCruz/protected/modules/cruge/components/CrugeFactory.php (46)
in /home/jaime3/Public/appFarmaCruz/protected/modules/cruge/components/CrugeUserManager.php (412)
2014/11/22 11:19:56 [trace] [system.db.CDbCommand] Querying SQL: SELECT * FROM `cruge_session` `t` WHERE `t`.`idsession`=11 LIMIT 1
in /home/jaime3/Public/appFarmaCruz/protected/modules/cruge/models/data/CrugeSession.php (90)
in /home/jaime3/Public/appFarmaCruz/protected/modules/cruge/components/CrugeFactory.php (46)
in /home/jaime3/Public/appFarmaCruz/protected/modules/cruge/components/CrugeUserManager.php (412)
2014/11/22 11:19:56 [trace] [system.db.ar.CActiveRecord] CrugeStoredUser.findByAttributes()
in /home/jaime3/Public/appFarmaCruz/protected/modules/cruge/models/data/CrugeStoredUser.php (76)
in /home/jaime3/Public/appFarmaCruz/protected/modules/cruge/components/CrugeFactory.php (491)
in /home/jaime3/Public/appFarmaCruz/protected/modules/cruge/components/CrugeUserManager.php (462)
2014/11/22 11:19:56 [trace] [system.db.CDbCommand] Querying SQL: SELECT * FROM `cruge_user` `t` WHERE `t`.`iduser`=:yp0 LIMIT 1
in /home/jaime3/Public/appFarmaCruz/protected/modules/cruge/models/data/CrugeStoredUser.php (76)
in /home/jaime3/Public/appFarmaCruz/protected/modules/cruge/components/CrugeFactory.php (491)
in /home/jaime3/Public/appFarmaCruz/protected/modules/cruge/components/CrugeUserManager.php (462)
2014/11/22 11:19:56 [trace] [system.db.ar.CActiveRecord] CrugeSession.findByPk()
in /home/jaime3/Public/appFarmaCruz/protected/modules/cruge/models/data/CrugeSession.php (90)
in /home/jaime3/Public/appFarmaCruz/protected/modules/cruge/components/CrugeFactory.php (46)
in /home/jaime3/Public/appFarmaCruz/protected/modules/cruge/components/CrugeUserManager.php (412)
2014/11/22 11:19:56 [trace] [system.db.CDbCommand] Querying SQL: SELECT * FROM `cruge_session` `t` WHERE `t`.`idsession`=11 LIMIT 1
in /home/jaime3/Public/appFarmaCruz/protected/modules/cruge/models/data/CrugeSession.php (90)
in /home/jaime3/Public/appFarmaCruz/protected/modules/cruge/components/CrugeFactory.php (46)
in /home/jaime3/Public/appFarmaCruz/protected/modules/cruge/components/CrugeUserManager.php (412)
2014/11/22 11:19:56 [trace] [system.db.ar.CActiveRecord] CrugeStoredUser.findByAttributes()
in /home/jaime3/Public/appFarmaCruz/protected/modules/cruge/models/data/CrugeStoredUser.php (76)
in /home/jaime3/Public/appFarmaCruz/protected/modules/cruge/components/CrugeFactory.php (491)
in /home/jaime3/Public/appFarmaCruz/protected/modules/cruge/components/CrugeUserManager.php (462)
2014/11/22 11:19:56 [trace] [system.db.CDbCommand] Querying SQL: SELECT * FROM `cruge_user` `t` WHERE `t`.`iduser`=:yp0 LIMIT 1
in /home/jaime3/Public/appFarmaCruz/protected/modules/cruge/models/data/CrugeStoredUser.php (76)
in /home/jaime3/Public/appFarmaCruz/protected/modules/cruge/components/CrugeFactory.php (491)
in /home/jaime3/Public/appFarmaCruz/protected/modules/cruge/components/CrugeUserManager.php (462)
2014/11/22 11:19:56 [trace] [system.CModule] Loading "assetManager" application component
in /home/jaime3/Public/appFarmaCruz/protected/controllers/LaboratorioController.php (79)
in /home/jaime3/Public/appFarmaCruz/index.php (13)
2014/11/22 11:20:08 [info] [application] User: admin (ID: 1)

$_GET=array (
  'r' => 'laboratorio/create',
)

$_POST=array (
  'Laboratorio' => 
  array (
    'descripcion' => 'Laboratorio Empredio',
  ),
  'yt0' => 'Nuevo',
)

$_COOKIE=array (
  'PHPSESSID' => 'vhifa8m9qmq8lctgcdgur52lf3',
)

$_SESSION=array (
  'ad1564f546c1ae65186e3e03c0dc241a_sessionid_' => '11',
  'cruge_redirect_count' => 0,
  'gii__returnUrl' => '/~jaime3/appFarmaCruz/index.php?r=gii',
  'gii__id' => 'yiier',
  'gii__name' => 'yiier',
  'gii__states' => 
  array (
  ),
  'ad1564f546c1ae65186e3e03c0dc241a__returnUrl' => '/~jaime3/appFarmaCruz/index.php?r=funcion/admin',
)

$_SERVER=array (
  'HTTP_HOST' => 'localhost',
  'HTTP_USER_AGENT' => 'Mozilla/5.0 (X11; Ubuntu; Linux i686; rv:26.0) Gecko/20100101 Firefox/26.0',
  'HTTP_ACCEPT' => 'text/html,application/xhtml+xml,application/xml;q=0.9,*/*;q=0.8',
  'HTTP_ACCEPT_LANGUAGE' => 'en-US,en;q=0.5',
  'HTTP_ACCEPT_ENCODING' => 'gzip, deflate',
  'HTTP_REFERER' => 'http://localhost/~jaime3/appFarmaCruz/index.php?r=laboratorio/create',
  'HTTP_COOKIE' => 'PHPSESSID=vhifa8m9qmq8lctgcdgur52lf3',
  'HTTP_CONNECTION' => 'keep-alive',
  'CONTENT_TYPE' => 'application/x-www-form-urlencoded',
  'CONTENT_LENGTH' => '59',
  'PATH' => '/usr/local/bin:/usr/bin:/bin',
  'SERVER_SIGNATURE' => '<address>Apache/2.2.22 (Ubuntu) Server at localhost Port 80</address>
',
  'SERVER_SOFTWARE' => 'Apache/2.2.22 (Ubuntu)',
  'SERVER_NAME' => 'localhost',
  'SERVER_ADDR' => '127.0.0.1',
  'SERVER_PORT' => '80',
  'REMOTE_ADDR' => '127.0.0.1',
  'DOCUMENT_ROOT' => '/var/www',
  'SERVER_ADMIN' => 'webmaster@localhost',
  'SCRIPT_FILENAME' => '/home/jaime3/Public/appFarmaCruz/index.php',
  'REMOTE_PORT' => '41086',
  'GATEWAY_INTERFACE' => 'CGI/1.1',
  'SERVER_PROTOCOL' => 'HTTP/1.1',
  'REQUEST_METHOD' => 'POST',
  'QUERY_STRING' => 'r=laboratorio/create',
  'REQUEST_URI' => '/~jaime3/appFarmaCruz/index.php?r=laboratorio/create',
  'SCRIPT_NAME' => '/~jaime3/appFarmaCruz/index.php',
  'PHP_SELF' => '/~jaime3/appFarmaCruz/index.php',
  'REQUEST_TIME' => 1416669608,
)
2014/11/22 11:20:08 [trace] [system.CModule] Loading "log" application component
in /home/jaime3/Public/appFarmaCruz/index.php (13)
2014/11/22 11:20:08 [trace] [system.CModule] Loading "request" application component
in /home/jaime3/Public/appFarmaCruz/index.php (13)
2014/11/22 11:20:08 [trace] [system.CModule] Loading "urlManager" application component
in /home/jaime3/Public/appFarmaCruz/index.php (13)
2014/11/22 11:20:08 [trace] [system.web.filters.CFilterChain] Running filter LaboratorioController.filteraccessControl()
in /home/jaime3/Public/appFarmaCruz/index.php (13)
2014/11/22 11:20:08 [trace] [system.CModule] Loading "user" application component
in /home/jaime3/Public/appFarmaCruz/index.php (13)
2014/11/22 11:20:08 [trace] [system.CModule] Loading "session" application component
in /home/jaime3/Public/appFarmaCruz/protected/modules/cruge/components/CrugeWebUser.php (45)
in /home/jaime3/Public/appFarmaCruz/index.php (13)
2014/11/22 11:20:08 [trace] [system.base.CModule] Loading "cruge" module
in /home/jaime3/Public/appFarmaCruz/protected/modules/cruge/components/CrugeUtil.php (19)
in /home/jaime3/Public/appFarmaCruz/protected/modules/cruge/components/CrugeFactory.php (36)
in /home/jaime3/Public/appFarmaCruz/protected/modules/cruge/components/CrugeUserManager.php (412)
2014/11/22 11:20:08 [trace] [system.db.ar.CActiveRecord] CrugeSession.findByPk()
in /home/jaime3/Public/appFarmaCruz/protected/modules/cruge/models/data/CrugeSession.php (90)
in /home/jaime3/Public/appFarmaCruz/protected/modules/cruge/components/CrugeFactory.php (46)
in /home/jaime3/Public/appFarmaCruz/protected/modules/cruge/components/CrugeUserManager.php (412)
2014/11/22 11:20:08 [trace] [system.CModule] Loading "db" application component
in /home/jaime3/Public/appFarmaCruz/protected/modules/cruge/models/data/CrugeSession.php (90)
in /home/jaime3/Public/appFarmaCruz/protected/modules/cruge/components/CrugeFactory.php (46)
in /home/jaime3/Public/appFarmaCruz/protected/modules/cruge/components/CrugeUserManager.php (412)
2014/11/22 11:20:08 [trace] [system.db.CDbConnection] Opening DB connection
in /home/jaime3/Public/appFarmaCruz/protected/modules/cruge/models/data/CrugeSession.php (90)
in /home/jaime3/Public/appFarmaCruz/protected/modules/cruge/components/CrugeFactory.php (46)
in /home/jaime3/Public/appFarmaCruz/protected/modules/cruge/components/CrugeUserManager.php (412)
2014/11/22 11:20:08 [trace] [system.db.CDbCommand] Querying SQL: SHOW FULL COLUMNS FROM `cruge_session`
in /home/jaime3/Public/appFarmaCruz/protected/modules/cruge/models/data/CrugeSession.php (90)
in /home/jaime3/Public/appFarmaCruz/protected/modules/cruge/components/CrugeFactory.php (46)
in /home/jaime3/Public/appFarmaCruz/protected/modules/cruge/components/CrugeUserManager.php (412)
2014/11/22 11:20:08 [trace] [system.db.CDbCommand] Querying SQL: SHOW CREATE TABLE `cruge_session`
in /home/jaime3/Public/appFarmaCruz/protected/modules/cruge/models/data/CrugeSession.php (90)
in /home/jaime3/Public/appFarmaCruz/protected/modules/cruge/components/CrugeFactory.php (46)
in /home/jaime3/Public/appFarmaCruz/protected/modules/cruge/components/CrugeUserManager.php (412)
2014/11/22 11:20:08 [trace] [system.db.CDbCommand] Querying SQL: SELECT * FROM `cruge_session` `t` WHERE `t`.`idsession`=11 LIMIT 1
in /home/jaime3/Public/appFarmaCruz/protected/modules/cruge/models/data/CrugeSession.php (90)
in /home/jaime3/Public/appFarmaCruz/protected/modules/cruge/components/CrugeFactory.php (46)
in /home/jaime3/Public/appFarmaCruz/protected/modules/cruge/components/CrugeUserManager.php (412)
2014/11/22 11:20:08 [trace] [system.db.ar.CActiveRecord] CrugeStoredUser.findByAttributes()
in /home/jaime3/Public/appFarmaCruz/protected/modules/cruge/models/data/CrugeStoredUser.php (76)
in /home/jaime3/Public/appFarmaCruz/protected/modules/cruge/components/CrugeFactory.php (491)
in /home/jaime3/Public/appFarmaCruz/protected/modules/cruge/components/CrugeUserManager.php (462)
2014/11/22 11:20:08 [trace] [system.db.CDbCommand] Querying SQL: SHOW FULL COLUMNS FROM `cruge_user`
in /home/jaime3/Public/appFarmaCruz/protected/modules/cruge/models/data/CrugeStoredUser.php (76)
in /home/jaime3/Public/appFarmaCruz/protected/modules/cruge/components/CrugeFactory.php (491)
in /home/jaime3/Public/appFarmaCruz/protected/modules/cruge/components/CrugeUserManager.php (462)
2014/11/22 11:20:08 [trace] [system.db.CDbCommand] Querying SQL: SHOW CREATE TABLE `cruge_user`
in /home/jaime3/Public/appFarmaCruz/protected/modules/cruge/models/data/CrugeStoredUser.php (76)
in /home/jaime3/Public/appFarmaCruz/protected/modules/cruge/components/CrugeFactory.php (491)
in /home/jaime3/Public/appFarmaCruz/protected/modules/cruge/components/CrugeUserManager.php (462)
2014/11/22 11:20:08 [trace] [system.db.CDbCommand] Querying SQL: SELECT * FROM `cruge_user` `t` WHERE `t`.`iduser`=:yp0 LIMIT 1
in /home/jaime3/Public/appFarmaCruz/protected/modules/cruge/models/data/CrugeStoredUser.php (76)
in /home/jaime3/Public/appFarmaCruz/protected/modules/cruge/components/CrugeFactory.php (491)
in /home/jaime3/Public/appFarmaCruz/protected/modules/cruge/components/CrugeUserManager.php (462)
2014/11/22 11:20:08 [trace] [system.db.ar.CActiveRecord] CrugeSession.findByPk()
in /home/jaime3/Public/appFarmaCruz/protected/modules/cruge/models/data/CrugeSession.php (90)
in /home/jaime3/Public/appFarmaCruz/protected/modules/cruge/components/CrugeFactory.php (46)
in /home/jaime3/Public/appFarmaCruz/protected/modules/cruge/components/CrugeUserManager.php (412)
2014/11/22 11:20:08 [trace] [system.db.CDbCommand] Querying SQL: SELECT * FROM `cruge_session` `t` WHERE `t`.`idsession`=11 LIMIT 1
in /home/jaime3/Public/appFarmaCruz/protected/modules/cruge/models/data/CrugeSession.php (90)
in /home/jaime3/Public/appFarmaCruz/protected/modules/cruge/components/CrugeFactory.php (46)
in /home/jaime3/Public/appFarmaCruz/protected/modules/cruge/components/CrugeUserManager.php (412)
2014/11/22 11:20:08 [trace] [system.db.ar.CActiveRecord] CrugeStoredUser.findByAttributes()
in /home/jaime3/Public/appFarmaCruz/protected/modules/cruge/models/data/CrugeStoredUser.php (76)
in /home/jaime3/Public/appFarmaCruz/protected/modules/cruge/components/CrugeFactory.php (491)
in /home/jaime3/Public/appFarmaCruz/protected/modules/cruge/components/CrugeUserManager.php (462)
2014/11/22 11:20:08 [trace] [system.db.CDbCommand] Querying SQL: SELECT * FROM `cruge_user` `t` WHERE `t`.`iduser`=:yp0 LIMIT 1
in /home/jaime3/Public/appFarmaCruz/protected/modules/cruge/models/data/CrugeStoredUser.php (76)
in /home/jaime3/Public/appFarmaCruz/protected/modules/cruge/components/CrugeFactory.php (491)
in /home/jaime3/Public/appFarmaCruz/protected/modules/cruge/components/CrugeUserManager.php (462)
2014/11/22 11:20:08 [trace] [system.db.CDbCommand] Querying SQL: SHOW FULL COLUMNS FROM `Laboratorio`
in /home/jaime3/Public/appFarmaCruz/protected/controllers/LaboratorioController.php (65)
in /home/jaime3/Public/appFarmaCruz/index.php (13)
2014/11/22 11:20:08 [trace] [system.db.CDbCommand] Querying SQL: SHOW CREATE TABLE `Laboratorio`
in /home/jaime3/Public/appFarmaCruz/protected/controllers/LaboratorioController.php (65)
in /home/jaime3/Public/appFarmaCruz/index.php (13)
2014/11/22 11:20:08 [trace] [system.db.ar.CActiveRecord] Laboratorio.insert()
in /home/jaime3/Public/appFarmaCruz/protected/controllers/LaboratorioController.php (73)
in /home/jaime3/Public/appFarmaCruz/index.php (13)
2014/11/22 11:20:08 [trace] [system.db.CDbCommand] Executing SQL: INSERT INTO `Laboratorio` (`descripcion`) VALUES (:yp0)
in /home/jaime3/Public/appFarmaCruz/protected/controllers/LaboratorioController.php (73)
in /home/jaime3/Public/appFarmaCruz/index.php (13)
2014/11/22 11:20:08 [info] [application] User: admin (ID: 1)

$_GET=array (
  'r' => 'laboratorio/view',
  'id' => '8',
)

$_COOKIE=array (
  'PHPSESSID' => 'vhifa8m9qmq8lctgcdgur52lf3',
)

$_SESSION=array (
  'ad1564f546c1ae65186e3e03c0dc241a_sessionid_' => '11',
  'cruge_redirect_count' => 0,
  'gii__returnUrl' => '/~jaime3/appFarmaCruz/index.php?r=gii',
  'gii__id' => 'yiier',
  'gii__name' => 'yiier',
  'gii__states' => 
  array (
  ),
  'ad1564f546c1ae65186e3e03c0dc241a__returnUrl' => '/~jaime3/appFarmaCruz/index.php?r=funcion/admin',
  'ad1564f546c1ae65186e3e03c0dc241aYii.CWebUser.flashcounters' => 
  array (
  ),
)

$_SERVER=array (
  'HTTP_HOST' => 'localhost',
  'HTTP_USER_AGENT' => 'Mozilla/5.0 (X11; Ubuntu; Linux i686; rv:26.0) Gecko/20100101 Firefox/26.0',
  'HTTP_ACCEPT' => 'text/html,application/xhtml+xml,application/xml;q=0.9,*/*;q=0.8',
  'HTTP_ACCEPT_LANGUAGE' => 'en-US,en;q=0.5',
  'HTTP_ACCEPT_ENCODING' => 'gzip, deflate',
  'HTTP_REFERER' => 'http://localhost/~jaime3/appFarmaCruz/index.php?r=laboratorio/create',
  'HTTP_COOKIE' => 'PHPSESSID=vhifa8m9qmq8lctgcdgur52lf3',
  'HTTP_CONNECTION' => 'keep-alive',
  'PATH' => '/usr/local/bin:/usr/bin:/bin',
  'SERVER_SIGNATURE' => '<address>Apache/2.2.22 (Ubuntu) Server at localhost Port 80</address>
',
  'SERVER_SOFTWARE' => 'Apache/2.2.22 (Ubuntu)',
  'SERVER_NAME' => 'localhost',
  'SERVER_ADDR' => '127.0.0.1',
  'SERVER_PORT' => '80',
  'REMOTE_ADDR' => '127.0.0.1',
  'DOCUMENT_ROOT' => '/var/www',
  'SERVER_ADMIN' => 'webmaster@localhost',
  'SCRIPT_FILENAME' => '/home/jaime3/Public/appFarmaCruz/index.php',
  'REMOTE_PORT' => '41086',
  'GATEWAY_INTERFACE' => 'CGI/1.1',
  'SERVER_PROTOCOL' => 'HTTP/1.1',
  'REQUEST_METHOD' => 'GET',
  'QUERY_STRING' => 'r=laboratorio/view&id=8',
  'REQUEST_URI' => '/~jaime3/appFarmaCruz/index.php?r=laboratorio/view&id=8',
  'SCRIPT_NAME' => '/~jaime3/appFarmaCruz/index.php',
  'PHP_SELF' => '/~jaime3/appFarmaCruz/index.php',
  'REQUEST_TIME' => 1416669608,
)
2014/11/22 11:20:08 [trace] [system.CModule] Loading "log" application component
in /home/jaime3/Public/appFarmaCruz/index.php (13)
2014/11/22 11:20:08 [trace] [system.CModule] Loading "request" application component
in /home/jaime3/Public/appFarmaCruz/index.php (13)
2014/11/22 11:20:08 [trace] [system.CModule] Loading "urlManager" application component
in /home/jaime3/Public/appFarmaCruz/index.php (13)
2014/11/22 11:20:08 [trace] [system.web.filters.CFilterChain] Running filter LaboratorioController.filteraccessControl()
in /home/jaime3/Public/appFarmaCruz/index.php (13)
2014/11/22 11:20:08 [trace] [system.CModule] Loading "user" application component
in /home/jaime3/Public/appFarmaCruz/index.php (13)
2014/11/22 11:20:08 [trace] [system.CModule] Loading "session" application component
in /home/jaime3/Public/appFarmaCruz/protected/modules/cruge/components/CrugeWebUser.php (45)
in /home/jaime3/Public/appFarmaCruz/index.php (13)
2014/11/22 11:20:08 [trace] [system.base.CModule] Loading "cruge" module
in /home/jaime3/Public/appFarmaCruz/protected/modules/cruge/components/CrugeUtil.php (19)
in /home/jaime3/Public/appFarmaCruz/protected/modules/cruge/components/CrugeFactory.php (36)
in /home/jaime3/Public/appFarmaCruz/protected/modules/cruge/components/CrugeUserManager.php (412)
2014/11/22 11:20:08 [trace] [system.db.ar.CActiveRecord] CrugeSession.findByPk()
in /home/jaime3/Public/appFarmaCruz/protected/modules/cruge/models/data/CrugeSession.php (90)
in /home/jaime3/Public/appFarmaCruz/protected/modules/cruge/components/CrugeFactory.php (46)
in /home/jaime3/Public/appFarmaCruz/protected/modules/cruge/components/CrugeUserManager.php (412)
2014/11/22 11:20:08 [trace] [system.CModule] Loading "db" application component
in /home/jaime3/Public/appFarmaCruz/protected/modules/cruge/models/data/CrugeSession.php (90)
in /home/jaime3/Public/appFarmaCruz/protected/modules/cruge/components/CrugeFactory.php (46)
in /home/jaime3/Public/appFarmaCruz/protected/modules/cruge/components/CrugeUserManager.php (412)
2014/11/22 11:20:08 [trace] [system.db.CDbConnection] Opening DB connection
in /home/jaime3/Public/appFarmaCruz/protected/modules/cruge/models/data/CrugeSession.php (90)
in /home/jaime3/Public/appFarmaCruz/protected/modules/cruge/components/CrugeFactory.php (46)
in /home/jaime3/Public/appFarmaCruz/protected/modules/cruge/components/CrugeUserManager.php (412)
2014/11/22 11:20:08 [trace] [system.db.CDbCommand] Querying SQL: SHOW FULL COLUMNS FROM `cruge_session`
in /home/jaime3/Public/appFarmaCruz/protected/modules/cruge/models/data/CrugeSession.php (90)
in /home/jaime3/Public/appFarmaCruz/protected/modules/cruge/components/CrugeFactory.php (46)
in /home/jaime3/Public/appFarmaCruz/protected/modules/cruge/components/CrugeUserManager.php (412)
2014/11/22 11:20:08 [trace] [system.db.CDbCommand] Querying SQL: SHOW CREATE TABLE `cruge_session`
in /home/jaime3/Public/appFarmaCruz/protected/modules/cruge/models/data/CrugeSession.php (90)
in /home/jaime3/Public/appFarmaCruz/protected/modules/cruge/components/CrugeFactory.php (46)
in /home/jaime3/Public/appFarmaCruz/protected/modules/cruge/components/CrugeUserManager.php (412)
2014/11/22 11:20:08 [trace] [system.db.CDbCommand] Querying SQL: SELECT * FROM `cruge_session` `t` WHERE `t`.`idsession`=11 LIMIT 1
in /home/jaime3/Public/appFarmaCruz/protected/modules/cruge/models/data/CrugeSession.php (90)
in /home/jaime3/Public/appFarmaCruz/protected/modules/cruge/components/CrugeFactory.php (46)
in /home/jaime3/Public/appFarmaCruz/protected/modules/cruge/components/CrugeUserManager.php (412)
2014/11/22 11:20:08 [trace] [system.db.ar.CActiveRecord] CrugeStoredUser.findByAttributes()
in /home/jaime3/Public/appFarmaCruz/protected/modules/cruge/models/data/CrugeStoredUser.php (76)
in /home/jaime3/Public/appFarmaCruz/protected/modules/cruge/components/CrugeFactory.php (491)
in /home/jaime3/Public/appFarmaCruz/protected/modules/cruge/components/CrugeUserManager.php (462)
2014/11/22 11:20:08 [trace] [system.db.CDbCommand] Querying SQL: SHOW FULL COLUMNS FROM `cruge_user`
in /home/jaime3/Public/appFarmaCruz/protected/modules/cruge/models/data/CrugeStoredUser.php (76)
in /home/jaime3/Public/appFarmaCruz/protected/modules/cruge/components/CrugeFactory.php (491)
in /home/jaime3/Public/appFarmaCruz/protected/modules/cruge/components/CrugeUserManager.php (462)
2014/11/22 11:20:08 [trace] [system.db.CDbCommand] Querying SQL: SHOW CREATE TABLE `cruge_user`
in /home/jaime3/Public/appFarmaCruz/protected/modules/cruge/models/data/CrugeStoredUser.php (76)
in /home/jaime3/Public/appFarmaCruz/protected/modules/cruge/components/CrugeFactory.php (491)
in /home/jaime3/Public/appFarmaCruz/protected/modules/cruge/components/CrugeUserManager.php (462)
2014/11/22 11:20:08 [trace] [system.db.CDbCommand] Querying SQL: SELECT * FROM `cruge_user` `t` WHERE `t`.`iduser`=:yp0 LIMIT 1
in /home/jaime3/Public/appFarmaCruz/protected/modules/cruge/models/data/CrugeStoredUser.php (76)
in /home/jaime3/Public/appFarmaCruz/protected/modules/cruge/components/CrugeFactory.php (491)
in /home/jaime3/Public/appFarmaCruz/protected/modules/cruge/components/CrugeUserManager.php (462)
2014/11/22 11:20:08 [trace] [system.db.ar.CActiveRecord] Laboratorio.findByPk()
in /home/jaime3/Public/appFarmaCruz/protected/controllers/LaboratorioController.php (155)
in /home/jaime3/Public/appFarmaCruz/protected/controllers/LaboratorioController.php (55)
in /home/jaime3/Public/appFarmaCruz/index.php (13)
2014/11/22 11:20:08 [trace] [system.db.CDbCommand] Querying SQL: SHOW FULL COLUMNS FROM `Laboratorio`
in /home/jaime3/Public/appFarmaCruz/protected/controllers/LaboratorioController.php (155)
in /home/jaime3/Public/appFarmaCruz/protected/controllers/LaboratorioController.php (55)
in /home/jaime3/Public/appFarmaCruz/index.php (13)
2014/11/22 11:20:08 [trace] [system.db.CDbCommand] Querying SQL: SHOW CREATE TABLE `Laboratorio`
in /home/jaime3/Public/appFarmaCruz/protected/controllers/LaboratorioController.php (155)
in /home/jaime3/Public/appFarmaCruz/protected/controllers/LaboratorioController.php (55)
in /home/jaime3/Public/appFarmaCruz/index.php (13)
2014/11/22 11:20:08 [trace] [system.db.CDbCommand] Querying SQL: SELECT * FROM `Laboratorio` `t` WHERE `t`.`id`=8 LIMIT 1
in /home/jaime3/Public/appFarmaCruz/protected/controllers/LaboratorioController.php (155)
in /home/jaime3/Public/appFarmaCruz/protected/controllers/LaboratorioController.php (55)
in /home/jaime3/Public/appFarmaCruz/index.php (13)
2014/11/22 11:20:08 [trace] [system.CModule] Loading "themeManager" application component
in /home/jaime3/Public/appFarmaCruz/protected/controllers/LaboratorioController.php (56)
in /home/jaime3/Public/appFarmaCruz/index.php (13)
2014/11/22 11:20:08 [trace] [system.CModule] Loading "widgetFactory" application component
in /home/jaime3/Public/appFarmaCruz/protected/views/laboratorio/view.php (27)
in /home/jaime3/Public/appFarmaCruz/protected/controllers/LaboratorioController.php (56)
in /home/jaime3/Public/appFarmaCruz/index.php (13)
2014/11/22 11:20:08 [trace] [system.CModule] Loading "coreMessages" application component
in /home/jaime3/Public/appFarmaCruz/protected/views/laboratorio/view.php (27)
in /home/jaime3/Public/appFarmaCruz/protected/controllers/LaboratorioController.php (56)
in /home/jaime3/Public/appFarmaCruz/index.php (13)
2014/11/22 11:20:08 [trace] [system.CModule] Loading "assetManager" application component
in /home/jaime3/Public/appFarmaCruz/protected/views/laboratorio/view.php (27)
in /home/jaime3/Public/appFarmaCruz/protected/controllers/LaboratorioController.php (56)
in /home/jaime3/Public/appFarmaCruz/index.php (13)
2014/11/22 11:20:08 [trace] [system.CModule] Loading "clientScript" application component
in /home/jaime3/Public/appFarmaCruz/protected/views/laboratorio/view.php (27)
in /home/jaime3/Public/appFarmaCruz/protected/controllers/LaboratorioController.php (56)
in /home/jaime3/Public/appFarmaCruz/index.php (13)
2014/11/22 11:20:08 [trace] [system.CModule] Loading "format" application component
in /home/jaime3/Public/appFarmaCruz/protected/views/laboratorio/view.php (27)
in /home/jaime3/Public/appFarmaCruz/protected/controllers/LaboratorioController.php (56)
in /home/jaime3/Public/appFarmaCruz/index.php (13)
2014/11/22 11:20:08 [trace] [system.db.ar.CActiveRecord] CrugeSession.findByPk()
in /home/jaime3/Public/appFarmaCruz/protected/modules/cruge/models/data/CrugeSession.php (90)
in /home/jaime3/Public/appFarmaCruz/protected/modules/cruge/components/CrugeFactory.php (46)
in /home/jaime3/Public/appFarmaCruz/protected/modules/cruge/components/CrugeUserManager.php (412)
2014/11/22 11:20:08 [trace] [system.db.CDbCommand] Querying SQL: SELECT * FROM `cruge_session` `t` WHERE `t`.`idsession`=11 LIMIT 1
in /home/jaime3/Public/appFarmaCruz/protected/modules/cruge/models/data/CrugeSession.php (90)
in /home/jaime3/Public/appFarmaCruz/protected/modules/cruge/components/CrugeFactory.php (46)
in /home/jaime3/Public/appFarmaCruz/protected/modules/cruge/components/CrugeUserManager.php (412)
2014/11/22 11:20:08 [trace] [system.db.ar.CActiveRecord] CrugeStoredUser.findByAttributes()
in /home/jaime3/Public/appFarmaCruz/protected/modules/cruge/models/data/CrugeStoredUser.php (76)
in /home/jaime3/Public/appFarmaCruz/protected/modules/cruge/components/CrugeFactory.php (491)
in /home/jaime3/Public/appFarmaCruz/protected/modules/cruge/components/CrugeUserManager.php (462)
2014/11/22 11:20:08 [trace] [system.db.CDbCommand] Querying SQL: SELECT * FROM `cruge_user` `t` WHERE `t`.`iduser`=:yp0 LIMIT 1
in /home/jaime3/Public/appFarmaCruz/protected/modules/cruge/models/data/CrugeStoredUser.php (76)
in /home/jaime3/Public/appFarmaCruz/protected/modules/cruge/components/CrugeFactory.php (491)
in /home/jaime3/Public/appFarmaCruz/protected/modules/cruge/components/CrugeUserManager.php (462)
2014/11/22 11:20:08 [trace] [system.db.ar.CActiveRecord] CrugeSession.findByPk()
in /home/jaime3/Public/appFarmaCruz/protected/modules/cruge/models/data/CrugeSession.php (90)
in /home/jaime3/Public/appFarmaCruz/protected/modules/cruge/components/CrugeFactory.php (46)
in /home/jaime3/Public/appFarmaCruz/protected/modules/cruge/components/CrugeUserManager.php (412)
2014/11/22 11:20:08 [trace] [system.db.CDbCommand] Querying SQL: SELECT * FROM `cruge_session` `t` WHERE `t`.`idsession`=11 LIMIT 1
in /home/jaime3/Public/appFarmaCruz/protected/modules/cruge/models/data/CrugeSession.php (90)
in /home/jaime3/Public/appFarmaCruz/protected/modules/cruge/components/CrugeFactory.php (46)
in /home/jaime3/Public/appFarmaCruz/protected/modules/cruge/components/CrugeUserManager.php (412)
2014/11/22 11:20:08 [trace] [system.db.ar.CActiveRecord] lazy loading CrugeSession.user
in /home/jaime3/Public/appFarmaCruz/protected/modules/cruge/models/data/CrugeSession.php (82)
in /home/jaime3/Public/appFarmaCruz/protected/modules/cruge/components/CrugeWebUser.php (249)
in /home/jaime3/Public/appFarmaCruz/themes/rhea/views/layouts/main.php (40)
2014/11/22 11:20:08 [trace] [system.db.CDbCommand] Querying SQL: SELECT `user`.`iduser` AS `t1_c0`, `user`.`regdate` AS `t1_c1`, `user`.`actdate` AS `t1_c2`, `user`.`logondate` AS `t1_c3`, `user`.`username` AS `t1_c4`, `user`.`email` AS `t1_c5`, `user`.`password` AS `t1_c6`, `user`.`authkey` AS `t1_c7`, `user`.`state` AS `t1_c8`, `user`.`totalsessioncounter` AS `t1_c9`, `user`.`currentsessioncounter` AS `t1_c10` FROM `cruge_user` `user`  WHERE (`user`.`iduser`=:ypl0)
in /home/jaime3/Public/appFarmaCruz/protected/modules/cruge/models/data/CrugeSession.php (82)
in /home/jaime3/Public/appFarmaCruz/protected/modules/cruge/components/CrugeWebUser.php (249)
in /home/jaime3/Public/appFarmaCruz/themes/rhea/views/layouts/main.php (40)
2014/11/22 11:20:08 [trace] [system.db.ar.CActiveRecord] CrugeSession.findByPk()
in /home/jaime3/Public/appFarmaCruz/protected/modules/cruge/models/data/CrugeSession.php (90)
in /home/jaime3/Public/appFarmaCruz/protected/modules/cruge/components/CrugeFactory.php (46)
in /home/jaime3/Public/appFarmaCruz/protected/modules/cruge/components/CrugeUserManager.php (412)
2014/11/22 11:20:08 [trace] [system.db.CDbCommand] Querying SQL: SELECT * FROM `cruge_session` `t` WHERE `t`.`idsession`=11 LIMIT 1
in /home/jaime3/Public/appFarmaCruz/protected/modules/cruge/models/data/CrugeSession.php (90)
in /home/jaime3/Public/appFarmaCruz/protected/modules/cruge/components/CrugeFactory.php (46)
in /home/jaime3/Public/appFarmaCruz/protected/modules/cruge/components/CrugeUserManager.php (412)
2014/11/22 11:20:08 [trace] [system.db.ar.CActiveRecord] CrugeStoredUser.findByAttributes()
in /home/jaime3/Public/appFarmaCruz/protected/modules/cruge/models/data/CrugeStoredUser.php (76)
in /home/jaime3/Public/appFarmaCruz/protected/modules/cruge/components/CrugeFactory.php (491)
in /home/jaime3/Public/appFarmaCruz/protected/modules/cruge/components/CrugeUserManager.php (462)
2014/11/22 11:20:08 [trace] [system.db.CDbCommand] Querying SQL: SELECT * FROM `cruge_user` `t` WHERE `t`.`iduser`=:yp0 LIMIT 1
in /home/jaime3/Public/appFarmaCruz/protected/modules/cruge/models/data/CrugeStoredUser.php (76)
in /home/jaime3/Public/appFarmaCruz/protected/modules/cruge/components/CrugeFactory.php (491)
in /home/jaime3/Public/appFarmaCruz/protected/modules/cruge/components/CrugeUserManager.php (462)
2014/11/22 11:20:08 [trace] [system.db.ar.CActiveRecord] CrugeSession.findByPk()
in /home/jaime3/Public/appFarmaCruz/protected/modules/cruge/models/data/CrugeSession.php (90)
in /home/jaime3/Public/appFarmaCruz/protected/modules/cruge/components/CrugeFactory.php (46)
in /home/jaime3/Public/appFarmaCruz/protected/modules/cruge/components/CrugeUserManager.php (412)
2014/11/22 11:20:08 [trace] [system.db.CDbCommand] Querying SQL: SELECT * FROM `cruge_session` `t` WHERE `t`.`idsession`=11 LIMIT 1
in /home/jaime3/Public/appFarmaCruz/protected/modules/cruge/models/data/CrugeSession.php (90)
in /home/jaime3/Public/appFarmaCruz/protected/modules/cruge/components/CrugeFactory.php (46)
in /home/jaime3/Public/appFarmaCruz/protected/modules/cruge/components/CrugeUserManager.php (412)
2014/11/22 11:20:08 [trace] [system.db.ar.CActiveRecord] CrugeStoredUser.findByAttributes()
in /home/jaime3/Public/appFarmaCruz/protected/modules/cruge/models/data/CrugeStoredUser.php (76)
in /home/jaime3/Public/appFarmaCruz/protected/modules/cruge/components/CrugeFactory.php (491)
in /home/jaime3/Public/appFarmaCruz/protected/modules/cruge/components/CrugeUserManager.php (462)
2014/11/22 11:20:08 [trace] [system.db.CDbCommand] Querying SQL: SELECT * FROM `cruge_user` `t` WHERE `t`.`iduser`=:yp0 LIMIT 1
in /home/jaime3/Public/appFarmaCruz/protected/modules/cruge/models/data/CrugeStoredUser.php (76)
in /home/jaime3/Public/appFarmaCruz/protected/modules/cruge/components/CrugeFactory.php (491)
in /home/jaime3/Public/appFarmaCruz/protected/modules/cruge/components/CrugeUserManager.php (462)
2014/11/22 11:20:08 [trace] [system.db.ar.CActiveRecord] CrugeSession.findByPk()
in /home/jaime3/Public/appFarmaCruz/protected/modules/cruge/models/data/CrugeSession.php (90)
in /home/jaime3/Public/appFarmaCruz/protected/modules/cruge/components/CrugeFactory.php (46)
in /home/jaime3/Public/appFarmaCruz/protected/modules/cruge/components/CrugeUserManager.php (412)
2014/11/22 11:20:08 [trace] [system.db.CDbCommand] Querying SQL: SELECT * FROM `cruge_session` `t` WHERE `t`.`idsession`=11 LIMIT 1
in /home/jaime3/Public/appFarmaCruz/protected/modules/cruge/models/data/CrugeSession.php (90)
in /home/jaime3/Public/appFarmaCruz/protected/modules/cruge/components/CrugeFactory.php (46)
in /home/jaime3/Public/appFarmaCruz/protected/modules/cruge/components/CrugeUserManager.php (412)
2014/11/22 11:20:08 [trace] [system.db.ar.CActiveRecord] CrugeStoredUser.findByAttributes()
in /home/jaime3/Public/appFarmaCruz/protected/modules/cruge/models/data/CrugeStoredUser.php (76)
in /home/jaime3/Public/appFarmaCruz/protected/modules/cruge/components/CrugeFactory.php (491)
in /home/jaime3/Public/appFarmaCruz/protected/modules/cruge/components/CrugeUserManager.php (462)
2014/11/22 11:20:08 [trace] [system.db.CDbCommand] Querying SQL: SELECT * FROM `cruge_user` `t` WHERE `t`.`iduser`=:yp0 LIMIT 1
in /home/jaime3/Public/appFarmaCruz/protected/modules/cruge/models/data/CrugeStoredUser.php (76)
in /home/jaime3/Public/appFarmaCruz/protected/modules/cruge/components/CrugeFactory.php (491)
in /home/jaime3/Public/appFarmaCruz/protected/modules/cruge/components/CrugeUserManager.php (462)
2014/11/22 11:20:08 [trace] [system.db.ar.CActiveRecord] CrugeSession.findByPk()
in /home/jaime3/Public/appFarmaCruz/protected/modules/cruge/models/data/CrugeSession.php (90)
in /home/jaime3/Public/appFarmaCruz/protected/modules/cruge/components/CrugeFactory.php (46)
in /home/jaime3/Public/appFarmaCruz/protected/modules/cruge/components/CrugeUserManager.php (412)
2014/11/22 11:20:08 [trace] [system.db.CDbCommand] Querying SQL: SELECT * FROM `cruge_session` `t` WHERE `t`.`idsession`=11 LIMIT 1
in /home/jaime3/Public/appFarmaCruz/protected/modules/cruge/models/data/CrugeSession.php (90)
in /home/jaime3/Public/appFarmaCruz/protected/modules/cruge/components/CrugeFactory.php (46)
in /home/jaime3/Public/appFarmaCruz/protected/modules/cruge/components/CrugeUserManager.php (412)
2014/11/22 11:20:08 [trace] [system.db.ar.CActiveRecord] CrugeStoredUser.findByAttributes()
in /home/jaime3/Public/appFarmaCruz/protected/modules/cruge/models/data/CrugeStoredUser.php (76)
in /home/jaime3/Public/appFarmaCruz/protected/modules/cruge/components/CrugeFactory.php (491)
in /home/jaime3/Public/appFarmaCruz/protected/modules/cruge/components/CrugeUserManager.php (462)
2014/11/22 11:20:08 [trace] [system.db.CDbCommand] Querying SQL: SELECT * FROM `cruge_user` `t` WHERE `t`.`iduser`=:yp0 LIMIT 1
in /home/jaime3/Public/appFarmaCruz/protected/modules/cruge/models/data/CrugeStoredUser.php (76)
in /home/jaime3/Public/appFarmaCruz/protected/modules/cruge/components/CrugeFactory.php (491)
in /home/jaime3/Public/appFarmaCruz/protected/modules/cruge/components/CrugeUserManager.php (462)
2014/11/22 11:20:08 [trace] [system.db.ar.CActiveRecord] CrugeSession.findByPk()
in /home/jaime3/Public/appFarmaCruz/protected/modules/cruge/models/data/CrugeSession.php (90)
in /home/jaime3/Public/appFarmaCruz/protected/modules/cruge/components/CrugeFactory.php (46)
in /home/jaime3/Public/appFarmaCruz/protected/modules/cruge/components/CrugeUserManager.php (412)
2014/11/22 11:20:08 [trace] [system.db.CDbCommand] Querying SQL: SELECT * FROM `cruge_session` `t` WHERE `t`.`idsession`=11 LIMIT 1
in /home/jaime3/Public/appFarmaCruz/protected/modules/cruge/models/data/CrugeSession.php (90)
in /home/jaime3/Public/appFarmaCruz/protected/modules/cruge/components/CrugeFactory.php (46)
in /home/jaime3/Public/appFarmaCruz/protected/modules/cruge/components/CrugeUserManager.php (412)
2014/11/22 11:20:08 [trace] [system.db.ar.CActiveRecord] CrugeStoredUser.findByAttributes()
in /home/jaime3/Public/appFarmaCruz/protected/modules/cruge/models/data/CrugeStoredUser.php (76)
in /home/jaime3/Public/appFarmaCruz/protected/modules/cruge/components/CrugeFactory.php (491)
in /home/jaime3/Public/appFarmaCruz/protected/modules/cruge/components/CrugeUserManager.php (462)
2014/11/22 11:20:08 [trace] [system.db.CDbCommand] Querying SQL: SELECT * FROM `cruge_user` `t` WHERE `t`.`iduser`=:yp0 LIMIT 1
in /home/jaime3/Public/appFarmaCruz/protected/modules/cruge/models/data/CrugeStoredUser.php (76)
in /home/jaime3/Public/appFarmaCruz/protected/modules/cruge/components/CrugeFactory.php (491)
in /home/jaime3/Public/appFarmaCruz/protected/modules/cruge/components/CrugeUserManager.php (462)
2014/11/22 11:20:08 [trace] [system.db.ar.CActiveRecord] CrugeSession.findByPk()
in /home/jaime3/Public/appFarmaCruz/protected/modules/cruge/models/data/CrugeSession.php (90)
in /home/jaime3/Public/appFarmaCruz/protected/modules/cruge/components/CrugeFactory.php (46)
in /home/jaime3/Public/appFarmaCruz/protected/modules/cruge/components/CrugeUserManager.php (412)
2014/11/22 11:20:08 [trace] [system.db.CDbCommand] Querying SQL: SELECT * FROM `cruge_session` `t` WHERE `t`.`idsession`=11 LIMIT 1
in /home/jaime3/Public/appFarmaCruz/protected/modules/cruge/models/data/CrugeSession.php (90)
in /home/jaime3/Public/appFarmaCruz/protected/modules/cruge/components/CrugeFactory.php (46)
in /home/jaime3/Public/appFarmaCruz/protected/modules/cruge/components/CrugeUserManager.php (412)
2014/11/22 11:20:08 [trace] [system.db.ar.CActiveRecord] CrugeStoredUser.findByAttributes()
in /home/jaime3/Public/appFarmaCruz/protected/modules/cruge/models/data/CrugeStoredUser.php (76)
in /home/jaime3/Public/appFarmaCruz/protected/modules/cruge/components/CrugeFactory.php (491)
in /home/jaime3/Public/appFarmaCruz/protected/modules/cruge/components/CrugeUserManager.php (462)
2014/11/22 11:20:08 [trace] [system.db.CDbCommand] Querying SQL: SELECT * FROM `cruge_user` `t` WHERE `t`.`iduser`=:yp0 LIMIT 1
in /home/jaime3/Public/appFarmaCruz/protected/modules/cruge/models/data/CrugeStoredUser.php (76)
in /home/jaime3/Public/appFarmaCruz/protected/modules/cruge/components/CrugeFactory.php (491)
in /home/jaime3/Public/appFarmaCruz/protected/modules/cruge/components/CrugeUserManager.php (462)
2014/11/22 11:20:08 [trace] [system.db.ar.CActiveRecord] CrugeSession.findByPk()
in /home/jaime3/Public/appFarmaCruz/protected/modules/cruge/models/data/CrugeSession.php (90)
in /home/jaime3/Public/appFarmaCruz/protected/modules/cruge/components/CrugeFactory.php (46)
in /home/jaime3/Public/appFarmaCruz/protected/modules/cruge/components/CrugeUserManager.php (412)
2014/11/22 11:20:08 [trace] [system.db.CDbCommand] Querying SQL: SELECT * FROM `cruge_session` `t` WHERE `t`.`idsession`=11 LIMIT 1
in /home/jaime3/Public/appFarmaCruz/protected/modules/cruge/models/data/CrugeSession.php (90)
in /home/jaime3/Public/appFarmaCruz/protected/modules/cruge/components/CrugeFactory.php (46)
in /home/jaime3/Public/appFarmaCruz/protected/modules/cruge/components/CrugeUserManager.php (412)
2014/11/22 11:20:08 [trace] [system.db.ar.CActiveRecord] CrugeStoredUser.findByAttributes()
in /home/jaime3/Public/appFarmaCruz/protected/modules/cruge/models/data/CrugeStoredUser.php (76)
in /home/jaime3/Public/appFarmaCruz/protected/modules/cruge/components/CrugeFactory.php (491)
in /home/jaime3/Public/appFarmaCruz/protected/modules/cruge/components/CrugeUserManager.php (462)
2014/11/22 11:20:08 [trace] [system.db.CDbCommand] Querying SQL: SELECT * FROM `cruge_user` `t` WHERE `t`.`iduser`=:yp0 LIMIT 1
in /home/jaime3/Public/appFarmaCruz/protected/modules/cruge/models/data/CrugeStoredUser.php (76)
in /home/jaime3/Public/appFarmaCruz/protected/modules/cruge/components/CrugeFactory.php (491)
in /home/jaime3/Public/appFarmaCruz/protected/modules/cruge/components/CrugeUserManager.php (462)
2014/11/22 11:20:13 [info] [application] User: admin (ID: 1)

$_GET=array (
  'r' => 'laboratorio/admin',
)

$_COOKIE=array (
  'PHPSESSID' => 'vhifa8m9qmq8lctgcdgur52lf3',
)

$_SESSION=array (
  'ad1564f546c1ae65186e3e03c0dc241a_sessionid_' => '11',
  'cruge_redirect_count' => 0,
  'gii__returnUrl' => '/~jaime3/appFarmaCruz/index.php?r=gii',
  'gii__id' => 'yiier',
  'gii__name' => 'yiier',
  'gii__states' => 
  array (
  ),
  'ad1564f546c1ae65186e3e03c0dc241a__returnUrl' => '/~jaime3/appFarmaCruz/index.php?r=funcion/admin',
  'ad1564f546c1ae65186e3e03c0dc241aYii.CWebUser.flashcounters' => 
  array (
  ),
)

$_SERVER=array (
  'HTTP_HOST' => 'localhost',
  'HTTP_USER_AGENT' => 'Mozilla/5.0 (X11; Ubuntu; Linux i686; rv:26.0) Gecko/20100101 Firefox/26.0',
  'HTTP_ACCEPT' => 'text/html,application/xhtml+xml,application/xml;q=0.9,*/*;q=0.8',
  'HTTP_ACCEPT_LANGUAGE' => 'en-US,en;q=0.5',
  'HTTP_ACCEPT_ENCODING' => 'gzip, deflate',
  'HTTP_REFERER' => 'http://localhost/~jaime3/appFarmaCruz/index.php?r=laboratorio/view&id=8',
  'HTTP_COOKIE' => 'PHPSESSID=vhifa8m9qmq8lctgcdgur52lf3',
  'HTTP_CONNECTION' => 'keep-alive',
  'PATH' => '/usr/local/bin:/usr/bin:/bin',
  'SERVER_SIGNATURE' => '<address>Apache/2.2.22 (Ubuntu) Server at localhost Port 80</address>
',
  'SERVER_SOFTWARE' => 'Apache/2.2.22 (Ubuntu)',
  'SERVER_NAME' => 'localhost',
  'SERVER_ADDR' => '127.0.0.1',
  'SERVER_PORT' => '80',
  'REMOTE_ADDR' => '127.0.0.1',
  'DOCUMENT_ROOT' => '/var/www',
  'SERVER_ADMIN' => 'webmaster@localhost',
  'SCRIPT_FILENAME' => '/home/jaime3/Public/appFarmaCruz/index.php',
  'REMOTE_PORT' => '41086',
  'GATEWAY_INTERFACE' => 'CGI/1.1',
  'SERVER_PROTOCOL' => 'HTTP/1.1',
  'REQUEST_METHOD' => 'GET',
  'QUERY_STRING' => 'r=laboratorio/admin',
  'REQUEST_URI' => '/~jaime3/appFarmaCruz/index.php?r=laboratorio/admin',
  'SCRIPT_NAME' => '/~jaime3/appFarmaCruz/index.php',
  'PHP_SELF' => '/~jaime3/appFarmaCruz/index.php',
  'REQUEST_TIME' => 1416669613,
)
2014/11/22 11:20:13 [trace] [system.CModule] Loading "log" application component
in /home/jaime3/Public/appFarmaCruz/index.php (13)
2014/11/22 11:20:13 [trace] [system.CModule] Loading "request" application component
in /home/jaime3/Public/appFarmaCruz/index.php (13)
2014/11/22 11:20:13 [trace] [system.CModule] Loading "urlManager" application component
in /home/jaime3/Public/appFarmaCruz/index.php (13)
2014/11/22 11:20:13 [trace] [system.web.filters.CFilterChain] Running filter LaboratorioController.filteraccessControl()
in /home/jaime3/Public/appFarmaCruz/index.php (13)
2014/11/22 11:20:13 [trace] [system.CModule] Loading "user" application component
in /home/jaime3/Public/appFarmaCruz/index.php (13)
2014/11/22 11:20:13 [trace] [system.CModule] Loading "session" application component
in /home/jaime3/Public/appFarmaCruz/protected/modules/cruge/components/CrugeWebUser.php (45)
in /home/jaime3/Public/appFarmaCruz/index.php (13)
2014/11/22 11:20:13 [trace] [system.base.CModule] Loading "cruge" module
in /home/jaime3/Public/appFarmaCruz/protected/modules/cruge/components/CrugeUtil.php (19)
in /home/jaime3/Public/appFarmaCruz/protected/modules/cruge/components/CrugeFactory.php (36)
in /home/jaime3/Public/appFarmaCruz/protected/modules/cruge/components/CrugeUserManager.php (412)
2014/11/22 11:20:13 [trace] [system.db.ar.CActiveRecord] CrugeSession.findByPk()
in /home/jaime3/Public/appFarmaCruz/protected/modules/cruge/models/data/CrugeSession.php (90)
in /home/jaime3/Public/appFarmaCruz/protected/modules/cruge/components/CrugeFactory.php (46)
in /home/jaime3/Public/appFarmaCruz/protected/modules/cruge/components/CrugeUserManager.php (412)
2014/11/22 11:20:13 [trace] [system.CModule] Loading "db" application component
in /home/jaime3/Public/appFarmaCruz/protected/modules/cruge/models/data/CrugeSession.php (90)
in /home/jaime3/Public/appFarmaCruz/protected/modules/cruge/components/CrugeFactory.php (46)
in /home/jaime3/Public/appFarmaCruz/protected/modules/cruge/components/CrugeUserManager.php (412)
2014/11/22 11:20:13 [trace] [system.db.CDbConnection] Opening DB connection
in /home/jaime3/Public/appFarmaCruz/protected/modules/cruge/models/data/CrugeSession.php (90)
in /home/jaime3/Public/appFarmaCruz/protected/modules/cruge/components/CrugeFactory.php (46)
in /home/jaime3/Public/appFarmaCruz/protected/modules/cruge/components/CrugeUserManager.php (412)
2014/11/22 11:20:13 [trace] [system.db.CDbCommand] Querying SQL: SHOW FULL COLUMNS FROM `cruge_session`
in /home/jaime3/Public/appFarmaCruz/protected/modules/cruge/models/data/CrugeSession.php (90)
in /home/jaime3/Public/appFarmaCruz/protected/modules/cruge/components/CrugeFactory.php (46)
in /home/jaime3/Public/appFarmaCruz/protected/modules/cruge/components/CrugeUserManager.php (412)
2014/11/22 11:20:13 [trace] [system.db.CDbCommand] Querying SQL: SHOW CREATE TABLE `cruge_session`
in /home/jaime3/Public/appFarmaCruz/protected/modules/cruge/models/data/CrugeSession.php (90)
in /home/jaime3/Public/appFarmaCruz/protected/modules/cruge/components/CrugeFactory.php (46)
in /home/jaime3/Public/appFarmaCruz/protected/modules/cruge/components/CrugeUserManager.php (412)
2014/11/22 11:20:13 [trace] [system.db.CDbCommand] Querying SQL: SELECT * FROM `cruge_session` `t` WHERE `t`.`idsession`=11 LIMIT 1
in /home/jaime3/Public/appFarmaCruz/protected/modules/cruge/models/data/CrugeSession.php (90)
in /home/jaime3/Public/appFarmaCruz/protected/modules/cruge/components/CrugeFactory.php (46)
in /home/jaime3/Public/appFarmaCruz/protected/modules/cruge/components/CrugeUserManager.php (412)
2014/11/22 11:20:13 [trace] [system.db.ar.CActiveRecord] CrugeStoredUser.findByAttributes()
in /home/jaime3/Public/appFarmaCruz/protected/modules/cruge/models/data/CrugeStoredUser.php (76)
in /home/jaime3/Public/appFarmaCruz/protected/modules/cruge/components/CrugeFactory.php (491)
in /home/jaime3/Public/appFarmaCruz/protected/modules/cruge/components/CrugeUserManager.php (462)
2014/11/22 11:20:13 [trace] [system.db.CDbCommand] Querying SQL: SHOW FULL COLUMNS FROM `cruge_user`
in /home/jaime3/Public/appFarmaCruz/protected/modules/cruge/models/data/CrugeStoredUser.php (76)
in /home/jaime3/Public/appFarmaCruz/protected/modules/cruge/components/CrugeFactory.php (491)
in /home/jaime3/Public/appFarmaCruz/protected/modules/cruge/components/CrugeUserManager.php (462)
2014/11/22 11:20:13 [trace] [system.db.CDbCommand] Querying SQL: SHOW CREATE TABLE `cruge_user`
in /home/jaime3/Public/appFarmaCruz/protected/modules/cruge/models/data/CrugeStoredUser.php (76)
in /home/jaime3/Public/appFarmaCruz/protected/modules/cruge/components/CrugeFactory.php (491)
in /home/jaime3/Public/appFarmaCruz/protected/modules/cruge/components/CrugeUserManager.php (462)
2014/11/22 11:20:13 [trace] [system.db.CDbCommand] Querying SQL: SELECT * FROM `cruge_user` `t` WHERE `t`.`iduser`=:yp0 LIMIT 1
in /home/jaime3/Public/appFarmaCruz/protected/modules/cruge/models/data/CrugeStoredUser.php (76)
in /home/jaime3/Public/appFarmaCruz/protected/modules/cruge/components/CrugeFactory.php (491)
in /home/jaime3/Public/appFarmaCruz/protected/modules/cruge/components/CrugeUserManager.php (462)
2014/11/22 11:20:13 [trace] [system.db.ar.CActiveRecord] CrugeSession.findByPk()
in /home/jaime3/Public/appFarmaCruz/protected/modules/cruge/models/data/CrugeSession.php (90)
in /home/jaime3/Public/appFarmaCruz/protected/modules/cruge/components/CrugeFactory.php (46)
in /home/jaime3/Public/appFarmaCruz/protected/modules/cruge/components/CrugeUserManager.php (412)
2014/11/22 11:20:13 [trace] [system.db.CDbCommand] Querying SQL: SELECT * FROM `cruge_session` `t` WHERE `t`.`idsession`=11 LIMIT 1
in /home/jaime3/Public/appFarmaCruz/protected/modules/cruge/models/data/CrugeSession.php (90)
in /home/jaime3/Public/appFarmaCruz/protected/modules/cruge/components/CrugeFactory.php (46)
in /home/jaime3/Public/appFarmaCruz/protected/modules/cruge/components/CrugeUserManager.php (412)
2014/11/22 11:20:13 [trace] [system.db.ar.CActiveRecord] lazy loading CrugeSession.user
in /home/jaime3/Public/appFarmaCruz/protected/modules/cruge/models/data/CrugeSession.php (82)
in /home/jaime3/Public/appFarmaCruz/protected/modules/cruge/components/CrugeWebUser.php (249)
in /home/jaime3/Public/appFarmaCruz/index.php (13)
2014/11/22 11:20:13 [trace] [system.db.CDbCommand] Querying SQL: SELECT `user`.`iduser` AS `t1_c0`, `user`.`regdate` AS `t1_c1`, `user`.`actdate` AS `t1_c2`, `user`.`logondate` AS `t1_c3`, `user`.`username` AS `t1_c4`, `user`.`email` AS `t1_c5`, `user`.`password` AS `t1_c6`, `user`.`authkey` AS `t1_c7`, `user`.`state` AS `t1_c8`, `user`.`totalsessioncounter` AS `t1_c9`, `user`.`currentsessioncounter` AS `t1_c10` FROM `cruge_user` `user`  WHERE (`user`.`iduser`=:ypl0)
in /home/jaime3/Public/appFarmaCruz/protected/modules/cruge/models/data/CrugeSession.php (82)
in /home/jaime3/Public/appFarmaCruz/protected/modules/cruge/components/CrugeWebUser.php (249)
in /home/jaime3/Public/appFarmaCruz/index.php (13)
2014/11/22 11:20:13 [trace] [system.db.CDbCommand] Querying SQL: SHOW FULL COLUMNS FROM `Laboratorio`
in /home/jaime3/Public/appFarmaCruz/protected/controllers/LaboratorioController.php (136)
in /home/jaime3/Public/appFarmaCruz/index.php (13)
2014/11/22 11:20:13 [trace] [system.db.CDbCommand] Querying SQL: SHOW CREATE TABLE `Laboratorio`
in /home/jaime3/Public/appFarmaCruz/protected/controllers/LaboratorioController.php (136)
in /home/jaime3/Public/appFarmaCruz/index.php (13)
2014/11/22 11:20:13 [trace] [system.CModule] Loading "themeManager" application component
in /home/jaime3/Public/appFarmaCruz/protected/controllers/LaboratorioController.php (143)
in /home/jaime3/Public/appFarmaCruz/index.php (13)
2014/11/22 11:20:13 [trace] [system.CModule] Loading "clientScript" application component
in /home/jaime3/Public/appFarmaCruz/protected/views/laboratorio/admin.php (15)
in /home/jaime3/Public/appFarmaCruz/protected/controllers/LaboratorioController.php (143)
in /home/jaime3/Public/appFarmaCruz/index.php (13)
2014/11/22 11:20:13 [trace] [system.CModule] Loading "widgetFactory" application component
in /home/jaime3/Public/appFarmaCruz/protected/views/laboratorio/_search.php (12)
in /home/jaime3/Public/appFarmaCruz/protected/views/laboratorio/admin.php (39)
in /home/jaime3/Public/appFarmaCruz/protected/controllers/LaboratorioController.php (143)
2014/11/22 11:20:13 [trace] [system.db.ar.CActiveRecord] Laboratorio.count()
in /home/jaime3/Public/appFarmaCruz/protected/views/laboratorio/admin.php (53)
in /home/jaime3/Public/appFarmaCruz/protected/controllers/LaboratorioController.php (143)
in /home/jaime3/Public/appFarmaCruz/index.php (13)
2014/11/22 11:20:13 [trace] [system.db.CDbCommand] Querying SQL: SELECT COUNT(*) FROM `Laboratorio` `t`
in /home/jaime3/Public/appFarmaCruz/protected/views/laboratorio/admin.php (53)
in /home/jaime3/Public/appFarmaCruz/protected/controllers/LaboratorioController.php (143)
in /home/jaime3/Public/appFarmaCruz/index.php (13)
2014/11/22 11:20:13 [trace] [system.db.ar.CActiveRecord] Laboratorio.findAll()
in /home/jaime3/Public/appFarmaCruz/protected/views/laboratorio/admin.php (53)
in /home/jaime3/Public/appFarmaCruz/protected/controllers/LaboratorioController.php (143)
in /home/jaime3/Public/appFarmaCruz/index.php (13)
2014/11/22 11:20:13 [trace] [system.db.CDbCommand] Querying SQL: SELECT * FROM `Laboratorio` `t` LIMIT 10
in /home/jaime3/Public/appFarmaCruz/protected/views/laboratorio/admin.php (53)
in /home/jaime3/Public/appFarmaCruz/protected/controllers/LaboratorioController.php (143)
in /home/jaime3/Public/appFarmaCruz/index.php (13)
2014/11/22 11:20:13 [trace] [system.CModule] Loading "assetManager" application component
in /home/jaime3/Public/appFarmaCruz/protected/views/laboratorio/admin.php (53)
in /home/jaime3/Public/appFarmaCruz/protected/controllers/LaboratorioController.php (143)
in /home/jaime3/Public/appFarmaCruz/index.php (13)
2014/11/22 11:20:13 [trace] [system.CModule] Loading "coreMessages" application component
in /home/jaime3/Public/appFarmaCruz/protected/views/laboratorio/admin.php (53)
in /home/jaime3/Public/appFarmaCruz/protected/controllers/LaboratorioController.php (143)
in /home/jaime3/Public/appFarmaCruz/index.php (13)
2014/11/22 11:20:13 [trace] [system.CModule] Loading "format" application component
in /home/jaime3/Public/appFarmaCruz/protected/views/laboratorio/admin.php (53)
in /home/jaime3/Public/appFarmaCruz/protected/controllers/LaboratorioController.php (143)
in /home/jaime3/Public/appFarmaCruz/index.php (13)
2014/11/22 11:20:13 [trace] [system.db.ar.CActiveRecord] CrugeSession.findByPk()
in /home/jaime3/Public/appFarmaCruz/protected/modules/cruge/models/data/CrugeSession.php (90)
in /home/jaime3/Public/appFarmaCruz/protected/modules/cruge/components/CrugeFactory.php (46)
in /home/jaime3/Public/appFarmaCruz/protected/modules/cruge/components/CrugeUserManager.php (412)
2014/11/22 11:20:13 [trace] [system.db.CDbCommand] Querying SQL: SELECT * FROM `cruge_session` `t` WHERE `t`.`idsession`=11 LIMIT 1
in /home/jaime3/Public/appFarmaCruz/protected/modules/cruge/models/data/CrugeSession.php (90)
in /home/jaime3/Public/appFarmaCruz/protected/modules/cruge/components/CrugeFactory.php (46)
in /home/jaime3/Public/appFarmaCruz/protected/modules/cruge/components/CrugeUserManager.php (412)
2014/11/22 11:20:13 [trace] [system.db.ar.CActiveRecord] CrugeStoredUser.findByAttributes()
in /home/jaime3/Public/appFarmaCruz/protected/modules/cruge/models/data/CrugeStoredUser.php (76)
in /home/jaime3/Public/appFarmaCruz/protected/modules/cruge/components/CrugeFactory.php (491)
in /home/jaime3/Public/appFarmaCruz/protected/modules/cruge/components/CrugeUserManager.php (462)
2014/11/22 11:20:13 [trace] [system.db.CDbCommand] Querying SQL: SELECT * FROM `cruge_user` `t` WHERE `t`.`iduser`=:yp0 LIMIT 1
in /home/jaime3/Public/appFarmaCruz/protected/modules/cruge/models/data/CrugeStoredUser.php (76)
in /home/jaime3/Public/appFarmaCruz/protected/modules/cruge/components/CrugeFactory.php (491)
in /home/jaime3/Public/appFarmaCruz/protected/modules/cruge/components/CrugeUserManager.php (462)
2014/11/22 11:20:13 [trace] [system.db.ar.CActiveRecord] CrugeSession.findByPk()
in /home/jaime3/Public/appFarmaCruz/protected/modules/cruge/models/data/CrugeSession.php (90)
in /home/jaime3/Public/appFarmaCruz/protected/modules/cruge/components/CrugeFactory.php (46)
in /home/jaime3/Public/appFarmaCruz/protected/modules/cruge/components/CrugeUserManager.php (412)
2014/11/22 11:20:13 [trace] [system.db.CDbCommand] Querying SQL: SELECT * FROM `cruge_session` `t` WHERE `t`.`idsession`=11 LIMIT 1
in /home/jaime3/Public/appFarmaCruz/protected/modules/cruge/models/data/CrugeSession.php (90)
in /home/jaime3/Public/appFarmaCruz/protected/modules/cruge/components/CrugeFactory.php (46)
in /home/jaime3/Public/appFarmaCruz/protected/modules/cruge/components/CrugeUserManager.php (412)
2014/11/22 11:20:13 [trace] [system.db.ar.CActiveRecord] lazy loading CrugeSession.user
in /home/jaime3/Public/appFarmaCruz/protected/modules/cruge/models/data/CrugeSession.php (82)
in /home/jaime3/Public/appFarmaCruz/protected/modules/cruge/components/CrugeWebUser.php (249)
in /home/jaime3/Public/appFarmaCruz/themes/rhea/views/layouts/main.php (40)
2014/11/22 11:20:13 [trace] [system.db.CDbCommand] Querying SQL: SELECT `user`.`iduser` AS `t1_c0`, `user`.`regdate` AS `t1_c1`, `user`.`actdate` AS `t1_c2`, `user`.`logondate` AS `t1_c3`, `user`.`username` AS `t1_c4`, `user`.`email` AS `t1_c5`, `user`.`password` AS `t1_c6`, `user`.`authkey` AS `t1_c7`, `user`.`state` AS `t1_c8`, `user`.`totalsessioncounter` AS `t1_c9`, `user`.`currentsessioncounter` AS `t1_c10` FROM `cruge_user` `user`  WHERE (`user`.`iduser`=:ypl0)
in /home/jaime3/Public/appFarmaCruz/protected/modules/cruge/models/data/CrugeSession.php (82)
in /home/jaime3/Public/appFarmaCruz/protected/modules/cruge/components/CrugeWebUser.php (249)
in /home/jaime3/Public/appFarmaCruz/themes/rhea/views/layouts/main.php (40)
2014/11/22 11:20:13 [trace] [system.db.ar.CActiveRecord] CrugeSession.findByPk()
in /home/jaime3/Public/appFarmaCruz/protected/modules/cruge/models/data/CrugeSession.php (90)
in /home/jaime3/Public/appFarmaCruz/protected/modules/cruge/components/CrugeFactory.php (46)
in /home/jaime3/Public/appFarmaCruz/protected/modules/cruge/components/CrugeUserManager.php (412)
2014/11/22 11:20:13 [trace] [system.db.CDbCommand] Querying SQL: SELECT * FROM `cruge_session` `t` WHERE `t`.`idsession`=11 LIMIT 1
in /home/jaime3/Public/appFarmaCruz/protected/modules/cruge/models/data/CrugeSession.php (90)
in /home/jaime3/Public/appFarmaCruz/protected/modules/cruge/components/CrugeFactory.php (46)
in /home/jaime3/Public/appFarmaCruz/protected/modules/cruge/components/CrugeUserManager.php (412)
2014/11/22 11:20:13 [trace] [system.db.ar.CActiveRecord] CrugeStoredUser.findByAttributes()
in /home/jaime3/Public/appFarmaCruz/protected/modules/cruge/models/data/CrugeStoredUser.php (76)
in /home/jaime3/Public/appFarmaCruz/protected/modules/cruge/components/CrugeFactory.php (491)
in /home/jaime3/Public/appFarmaCruz/protected/modules/cruge/components/CrugeUserManager.php (462)
2014/11/22 11:20:13 [trace] [system.db.CDbCommand] Querying SQL: SELECT * FROM `cruge_user` `t` WHERE `t`.`iduser`=:yp0 LIMIT 1
in /home/jaime3/Public/appFarmaCruz/protected/modules/cruge/models/data/CrugeStoredUser.php (76)
in /home/jaime3/Public/appFarmaCruz/protected/modules/cruge/components/CrugeFactory.php (491)
in /home/jaime3/Public/appFarmaCruz/protected/modules/cruge/components/CrugeUserManager.php (462)
2014/11/22 11:20:13 [trace] [system.db.ar.CActiveRecord] CrugeSession.findByPk()
in /home/jaime3/Public/appFarmaCruz/protected/modules/cruge/models/data/CrugeSession.php (90)
in /home/jaime3/Public/appFarmaCruz/protected/modules/cruge/components/CrugeFactory.php (46)
in /home/jaime3/Public/appFarmaCruz/protected/modules/cruge/components/CrugeUserManager.php (412)
2014/11/22 11:20:13 [trace] [system.db.CDbCommand] Querying SQL: SELECT * FROM `cruge_session` `t` WHERE `t`.`idsession`=11 LIMIT 1
in /home/jaime3/Public/appFarmaCruz/protected/modules/cruge/models/data/CrugeSession.php (90)
in /home/jaime3/Public/appFarmaCruz/protected/modules/cruge/components/CrugeFactory.php (46)
in /home/jaime3/Public/appFarmaCruz/protected/modules/cruge/components/CrugeUserManager.php (412)
2014/11/22 11:20:13 [trace] [system.db.ar.CActiveRecord] CrugeStoredUser.findByAttributes()
in /home/jaime3/Public/appFarmaCruz/protected/modules/cruge/models/data/CrugeStoredUser.php (76)
in /home/jaime3/Public/appFarmaCruz/protected/modules/cruge/components/CrugeFactory.php (491)
in /home/jaime3/Public/appFarmaCruz/protected/modules/cruge/components/CrugeUserManager.php (462)
2014/11/22 11:20:13 [trace] [system.db.CDbCommand] Querying SQL: SELECT * FROM `cruge_user` `t` WHERE `t`.`iduser`=:yp0 LIMIT 1
in /home/jaime3/Public/appFarmaCruz/protected/modules/cruge/models/data/CrugeStoredUser.php (76)
in /home/jaime3/Public/appFarmaCruz/protected/modules/cruge/components/CrugeFactory.php (491)
in /home/jaime3/Public/appFarmaCruz/protected/modules/cruge/components/CrugeUserManager.php (462)
2014/11/22 11:20:13 [trace] [system.db.ar.CActiveRecord] CrugeSession.findByPk()
in /home/jaime3/Public/appFarmaCruz/protected/modules/cruge/models/data/CrugeSession.php (90)
in /home/jaime3/Public/appFarmaCruz/protected/modules/cruge/components/CrugeFactory.php (46)
in /home/jaime3/Public/appFarmaCruz/protected/modules/cruge/components/CrugeUserManager.php (412)
2014/11/22 11:20:13 [trace] [system.db.CDbCommand] Querying SQL: SELECT * FROM `cruge_session` `t` WHERE `t`.`idsession`=11 LIMIT 1
in /home/jaime3/Public/appFarmaCruz/protected/modules/cruge/models/data/CrugeSession.php (90)
in /home/jaime3/Public/appFarmaCruz/protected/modules/cruge/components/CrugeFactory.php (46)
in /home/jaime3/Public/appFarmaCruz/protected/modules/cruge/components/CrugeUserManager.php (412)
2014/11/22 11:20:13 [trace] [system.db.ar.CActiveRecord] CrugeStoredUser.findByAttributes()
in /home/jaime3/Public/appFarmaCruz/protected/modules/cruge/models/data/CrugeStoredUser.php (76)
in /home/jaime3/Public/appFarmaCruz/protected/modules/cruge/components/CrugeFactory.php (491)
in /home/jaime3/Public/appFarmaCruz/protected/modules/cruge/components/CrugeUserManager.php (462)
2014/11/22 11:20:13 [trace] [system.db.CDbCommand] Querying SQL: SELECT * FROM `cruge_user` `t` WHERE `t`.`iduser`=:yp0 LIMIT 1
in /home/jaime3/Public/appFarmaCruz/protected/modules/cruge/models/data/CrugeStoredUser.php (76)
in /home/jaime3/Public/appFarmaCruz/protected/modules/cruge/components/CrugeFactory.php (491)
in /home/jaime3/Public/appFarmaCruz/protected/modules/cruge/components/CrugeUserManager.php (462)
2014/11/22 11:20:13 [trace] [system.db.ar.CActiveRecord] CrugeSession.findByPk()
in /home/jaime3/Public/appFarmaCruz/protected/modules/cruge/models/data/CrugeSession.php (90)
in /home/jaime3/Public/appFarmaCruz/protected/modules/cruge/components/CrugeFactory.php (46)
in /home/jaime3/Public/appFarmaCruz/protected/modules/cruge/components/CrugeUserManager.php (412)
2014/11/22 11:20:13 [trace] [system.db.CDbCommand] Querying SQL: SELECT * FROM `cruge_session` `t` WHERE `t`.`idsession`=11 LIMIT 1
in /home/jaime3/Public/appFarmaCruz/protected/modules/cruge/models/data/CrugeSession.php (90)
in /home/jaime3/Public/appFarmaCruz/protected/modules/cruge/components/CrugeFactory.php (46)
in /home/jaime3/Public/appFarmaCruz/protected/modules/cruge/components/CrugeUserManager.php (412)
2014/11/22 11:20:13 [trace] [system.db.ar.CActiveRecord] CrugeStoredUser.findByAttributes()
in /home/jaime3/Public/appFarmaCruz/protected/modules/cruge/models/data/CrugeStoredUser.php (76)
in /home/jaime3/Public/appFarmaCruz/protected/modules/cruge/components/CrugeFactory.php (491)
in /home/jaime3/Public/appFarmaCruz/protected/modules/cruge/components/CrugeUserManager.php (462)
2014/11/22 11:20:13 [trace] [system.db.CDbCommand] Querying SQL: SELECT * FROM `cruge_user` `t` WHERE `t`.`iduser`=:yp0 LIMIT 1
in /home/jaime3/Public/appFarmaCruz/protected/modules/cruge/models/data/CrugeStoredUser.php (76)
in /home/jaime3/Public/appFarmaCruz/protected/modules/cruge/components/CrugeFactory.php (491)
in /home/jaime3/Public/appFarmaCruz/protected/modules/cruge/components/CrugeUserManager.php (462)
2014/11/22 11:20:13 [trace] [system.db.ar.CActiveRecord] CrugeSession.findByPk()
in /home/jaime3/Public/appFarmaCruz/protected/modules/cruge/models/data/CrugeSession.php (90)
in /home/jaime3/Public/appFarmaCruz/protected/modules/cruge/components/CrugeFactory.php (46)
in /home/jaime3/Public/appFarmaCruz/protected/modules/cruge/components/CrugeUserManager.php (412)
2014/11/22 11:20:13 [trace] [system.db.CDbCommand] Querying SQL: SELECT * FROM `cruge_session` `t` WHERE `t`.`idsession`=11 LIMIT 1
in /home/jaime3/Public/appFarmaCruz/protected/modules/cruge/models/data/CrugeSession.php (90)
in /home/jaime3/Public/appFarmaCruz/protected/modules/cruge/components/CrugeFactory.php (46)
in /home/jaime3/Public/appFarmaCruz/protected/modules/cruge/components/CrugeUserManager.php (412)
2014/11/22 11:20:13 [trace] [system.db.ar.CActiveRecord] CrugeStoredUser.findByAttributes()
in /home/jaime3/Public/appFarmaCruz/protected/modules/cruge/models/data/CrugeStoredUser.php (76)
in /home/jaime3/Public/appFarmaCruz/protected/modules/cruge/components/CrugeFactory.php (491)
in /home/jaime3/Public/appFarmaCruz/protected/modules/cruge/components/CrugeUserManager.php (462)
2014/11/22 11:20:13 [trace] [system.db.CDbCommand] Querying SQL: SELECT * FROM `cruge_user` `t` WHERE `t`.`iduser`=:yp0 LIMIT 1
in /home/jaime3/Public/appFarmaCruz/protected/modules/cruge/models/data/CrugeStoredUser.php (76)
in /home/jaime3/Public/appFarmaCruz/protected/modules/cruge/components/CrugeFactory.php (491)
in /home/jaime3/Public/appFarmaCruz/protected/modules/cruge/components/CrugeUserManager.php (462)
2014/11/22 11:20:13 [trace] [system.db.ar.CActiveRecord] CrugeSession.findByPk()
in /home/jaime3/Public/appFarmaCruz/protected/modules/cruge/models/data/CrugeSession.php (90)
in /home/jaime3/Public/appFarmaCruz/protected/modules/cruge/components/CrugeFactory.php (46)
in /home/jaime3/Public/appFarmaCruz/protected/modules/cruge/components/CrugeUserManager.php (412)
2014/11/22 11:20:13 [trace] [system.db.CDbCommand] Querying SQL: SELECT * FROM `cruge_session` `t` WHERE `t`.`idsession`=11 LIMIT 1
in /home/jaime3/Public/appFarmaCruz/protected/modules/cruge/models/data/CrugeSession.php (90)
in /home/jaime3/Public/appFarmaCruz/protected/modules/cruge/components/CrugeFactory.php (46)
in /home/jaime3/Public/appFarmaCruz/protected/modules/cruge/components/CrugeUserManager.php (412)
2014/11/22 11:20:13 [trace] [system.db.ar.CActiveRecord] CrugeStoredUser.findByAttributes()
in /home/jaime3/Public/appFarmaCruz/protected/modules/cruge/models/data/CrugeStoredUser.php (76)
in /home/jaime3/Public/appFarmaCruz/protected/modules/cruge/components/CrugeFactory.php (491)
in /home/jaime3/Public/appFarmaCruz/protected/modules/cruge/components/CrugeUserManager.php (462)
2014/11/22 11:20:13 [trace] [system.db.CDbCommand] Querying SQL: SELECT * FROM `cruge_user` `t` WHERE `t`.`iduser`=:yp0 LIMIT 1
in /home/jaime3/Public/appFarmaCruz/protected/modules/cruge/models/data/CrugeStoredUser.php (76)
in /home/jaime3/Public/appFarmaCruz/protected/modules/cruge/components/CrugeFactory.php (491)
in /home/jaime3/Public/appFarmaCruz/protected/modules/cruge/components/CrugeUserManager.php (462)
2014/11/22 11:20:13 [trace] [system.db.ar.CActiveRecord] CrugeSession.findByPk()
in /home/jaime3/Public/appFarmaCruz/protected/modules/cruge/models/data/CrugeSession.php (90)
in /home/jaime3/Public/appFarmaCruz/protected/modules/cruge/components/CrugeFactory.php (46)
in /home/jaime3/Public/appFarmaCruz/protected/modules/cruge/components/CrugeUserManager.php (412)
2014/11/22 11:20:13 [trace] [system.db.CDbCommand] Querying SQL: SELECT * FROM `cruge_session` `t` WHERE `t`.`idsession`=11 LIMIT 1
in /home/jaime3/Public/appFarmaCruz/protected/modules/cruge/models/data/CrugeSession.php (90)
in /home/jaime3/Public/appFarmaCruz/protected/modules/cruge/components/CrugeFactory.php (46)
in /home/jaime3/Public/appFarmaCruz/protected/modules/cruge/components/CrugeUserManager.php (412)
2014/11/22 11:20:13 [trace] [system.db.ar.CActiveRecord] CrugeStoredUser.findByAttributes()
in /home/jaime3/Public/appFarmaCruz/protected/modules/cruge/models/data/CrugeStoredUser.php (76)
in /home/jaime3/Public/appFarmaCruz/protected/modules/cruge/components/CrugeFactory.php (491)
in /home/jaime3/Public/appFarmaCruz/protected/modules/cruge/components/CrugeUserManager.php (462)
2014/11/22 11:20:13 [trace] [system.db.CDbCommand] Querying SQL: SELECT * FROM `cruge_user` `t` WHERE `t`.`iduser`=:yp0 LIMIT 1
in /home/jaime3/Public/appFarmaCruz/protected/modules/cruge/models/data/CrugeStoredUser.php (76)
in /home/jaime3/Public/appFarmaCruz/protected/modules/cruge/components/CrugeFactory.php (491)
in /home/jaime3/Public/appFarmaCruz/protected/modules/cruge/components/CrugeUserManager.php (462)
